This is pdfTeX, Version 3.14159265-2.6-1.40.15 (TeX Live 2015/dev) (preloaded format=pdflatex 2016.10.24)  9 NOV 2016 00:38
entering extended mode
 restricted \write18 enabled.
 %&-line parsing enabled.
**assignment_3.tex
(./assignment_3.tex
LaTeX2e <2014/05/01>
Babel <3.9l> and hyphenation patterns for 79 languages loaded.

(/nix/store/ycxdns2l94h5nfczz2k60girzc4ikkxy-TeXLive-linkdir/texmf-dist/tex/lat
ex/base/article.cls
Document Class: article 2007/10/19 v1.4h Standard LaTeX document class

(/nix/store/ycxdns2l94h5nfczz2k60girzc4ikkxy-TeXLive-linkdir/texmf-dist/tex/lat
ex/base/size10.clo
File: size10.clo 2007/10/19 v1.4h Standard LaTeX file (size option)
)
\c@part=\count79
\c@section=\count80
\c@subsection=\count81
\c@subsubsection=\count82
\c@paragraph=\count83
\c@subparagraph=\count84
\c@figure=\count85
\c@table=\count86
\abovecaptionskip=\skip41
\belowcaptionskip=\skip42
\bibindent=\dimen102
)
(/nix/store/ycxdns2l94h5nfczz2k60girzc4ikkxy-TeXLive-linkdir/texmf-dist/tex/gen
eric/babel/babel.sty
Package: babel 2014/09/25 3.9l The Babel package

(/nix/store/ycxdns2l94h5nfczz2k60girzc4ikkxy-TeXLive-linkdir/texmf-dist/tex/gen
eric/babel-portuges/portuges.ldf
Language: portuges 2008/03/18 v1.2q Portuguese support from the babel system

(/nix/store/ycxdns2l94h5nfczz2k60girzc4ikkxy-TeXLive-linkdir/texmf-dist/tex/gen
eric/babel/babel.def
File: babel.def 2014/09/25 3.9l Babel common definitions
\babel@savecnt=\count87
\U@D=\dimen103
)
\l@brazilian = a dialect from \language\l@portuges 
Package babel Info: Making " an active character on input line 145.
))
(/nix/store/ycxdns2l94h5nfczz2k60girzc4ikkxy-TeXLive-linkdir/texmf-dist/tex/lat
ex/base/fontenc.sty
Package: fontenc 2005/09/27 v1.99g Standard LaTeX package

(/nix/store/ycxdns2l94h5nfczz2k60girzc4ikkxy-TeXLive-linkdir/texmf-dist/tex/lat
ex/base/t1enc.def
File: t1enc.def 2005/09/27 v1.99g Standard LaTeX file
LaTeX Font Info:    Redeclaring font encoding T1 on input line 43.
))
(/nix/store/ycxdns2l94h5nfczz2k60girzc4ikkxy-TeXLive-linkdir/texmf-dist/tex/lat
ex/base/inputenc.sty
Package: inputenc 2014/04/30 v1.2b Input encoding file
\inpenc@prehook=\toks14
\inpenc@posthook=\toks15

(/nix/store/ycxdns2l94h5nfczz2k60girzc4ikkxy-TeXLive-linkdir/texmf-dist/tex/lat
ex/base/utf8.def
File: utf8.def 2008/04/05 v1.1m UTF-8 support for inputenc
Now handling font encoding OML ...
... no UTF-8 mapping file for font encoding OML
Now handling font encoding T1 ...
... processing UTF-8 mapping file for font encoding T1

(/nix/store/ycxdns2l94h5nfczz2k60girzc4ikkxy-TeXLive-linkdir/texmf-dist/tex/lat
ex/base/t1enc.dfu
File: t1enc.dfu 2008/04/05 v1.1m UTF-8 support for inputenc
   defining Unicode char U+00A1 (decimal 161)
   defining Unicode char U+00A3 (decimal 163)
   defining Unicode char U+00AB (decimal 171)
   defining Unicode char U+00BB (decimal 187)
   defining Unicode char U+00BF (decimal 191)
   defining Unicode char U+00C0 (decimal 192)
   defining Unicode char U+00C1 (decimal 193)
   defining Unicode char U+00C2 (decimal 194)
   defining Unicode char U+00C3 (decimal 195)
   defining Unicode char U+00C4 (decimal 196)
   defining Unicode char U+00C5 (decimal 197)
   defining Unicode char U+00C6 (decimal 198)
   defining Unicode char U+00C7 (decimal 199)
   defining Unicode char U+00C8 (decimal 200)
   defining Unicode char U+00C9 (decimal 201)
   defining Unicode char U+00CA (decimal 202)
   defining Unicode char U+00CB (decimal 203)
   defining Unicode char U+00CC (decimal 204)
   defining Unicode char U+00CD (decimal 205)
   defining Unicode char U+00CE (decimal 206)
   defining Unicode char U+00CF (decimal 207)
   defining Unicode char U+00D0 (decimal 208)
   defining Unicode char U+00D1 (decimal 209)
   defining Unicode char U+00D2 (decimal 210)
   defining Unicode char U+00D3 (decimal 211)
   defining Unicode char U+00D4 (decimal 212)
   defining Unicode char U+00D5 (decimal 213)
   defining Unicode char U+00D6 (decimal 214)
   defining Unicode char U+00D8 (decimal 216)
   defining Unicode char U+00D9 (decimal 217)
   defining Unicode char U+00DA (decimal 218)
   defining Unicode char U+00DB (decimal 219)
   defining Unicode char U+00DC (decimal 220)
   defining Unicode char U+00DD (decimal 221)
   defining Unicode char U+00DE (decimal 222)
   defining Unicode char U+00DF (decimal 223)
   defining Unicode char U+00E0 (decimal 224)
   defining Unicode char U+00E1 (decimal 225)
   defining Unicode char U+00E2 (decimal 226)
   defining Unicode char U+00E3 (decimal 227)
   defining Unicode char U+00E4 (decimal 228)
   defining Unicode char U+00E5 (decimal 229)
   defining Unicode char U+00E6 (decimal 230)
   defining Unicode char U+00E7 (decimal 231)
   defining Unicode char U+00E8 (decimal 232)
   defining Unicode char U+00E9 (decimal 233)
   defining Unicode char U+00EA (decimal 234)
   defining Unicode char U+00EB (decimal 235)
   defining Unicode char U+00EC (decimal 236)
   defining Unicode char U+00ED (decimal 237)
   defining Unicode char U+00EE (decimal 238)
   defining Unicode char U+00EF (decimal 239)
   defining Unicode char U+00F0 (decimal 240)
   defining Unicode char U+00F1 (decimal 241)
   defining Unicode char U+00F2 (decimal 242)
   defining Unicode char U+00F3 (decimal 243)
   defining Unicode char U+00F4 (decimal 244)
   defining Unicode char U+00F5 (decimal 245)
   defining Unicode char U+00F6 (decimal 246)
   defining Unicode char U+00F8 (decimal 248)
   defining Unicode char U+00F9 (decimal 249)
   defining Unicode char U+00FA (decimal 250)
   defining Unicode char U+00FB (decimal 251)
   defining Unicode char U+00FC (decimal 252)
   defining Unicode char U+00FD (decimal 253)
   defining Unicode char U+00FE (decimal 254)
   defining Unicode char U+00FF (decimal 255)
   defining Unicode char U+0102 (decimal 258)
   defining Unicode char U+0103 (decimal 259)
   defining Unicode char U+0104 (decimal 260)
   defining Unicode char U+0105 (decimal 261)
   defining Unicode char U+0106 (decimal 262)
   defining Unicode char U+0107 (decimal 263)
   defining Unicode char U+010C (decimal 268)
   defining Unicode char U+010D (decimal 269)
   defining Unicode char U+010E (decimal 270)
   defining Unicode char U+010F (decimal 271)
   defining Unicode char U+0110 (decimal 272)
   defining Unicode char U+0111 (decimal 273)
   defining Unicode char U+0118 (decimal 280)
   defining Unicode char U+0119 (decimal 281)
   defining Unicode char U+011A (decimal 282)
   defining Unicode char U+011B (decimal 283)
   defining Unicode char U+011E (decimal 286)
   defining Unicode char U+011F (decimal 287)
   defining Unicode char U+0130 (decimal 304)
   defining Unicode char U+0131 (decimal 305)
   defining Unicode char U+0132 (decimal 306)
   defining Unicode char U+0133 (decimal 307)
   defining Unicode char U+0139 (decimal 313)
   defining Unicode char U+013A (decimal 314)
   defining Unicode char U+013D (decimal 317)
   defining Unicode char U+013E (decimal 318)
   defining Unicode char U+0141 (decimal 321)
   defining Unicode char U+0142 (decimal 322)
   defining Unicode char U+0143 (decimal 323)
   defining Unicode char U+0144 (decimal 324)
   defining Unicode char U+0147 (decimal 327)
   defining Unicode char U+0148 (decimal 328)
   defining Unicode char U+014A (decimal 330)
   defining Unicode char U+014B (decimal 331)
   defining Unicode char U+0150 (decimal 336)
   defining Unicode char U+0151 (decimal 337)
   defining Unicode char U+0152 (decimal 338)
   defining Unicode char U+0153 (decimal 339)
   defining Unicode char U+0154 (decimal 340)
   defining Unicode char U+0155 (decimal 341)
   defining Unicode char U+0158 (decimal 344)
   defining Unicode char U+0159 (decimal 345)
   defining Unicode char U+015A (decimal 346)
   defining Unicode char U+015B (decimal 347)
   defining Unicode char U+015E (decimal 350)
   defining Unicode char U+015F (decimal 351)
   defining Unicode char U+0160 (decimal 352)
   defining Unicode char U+0161 (decimal 353)
   defining Unicode char U+0162 (decimal 354)
   defining Unicode char U+0163 (decimal 355)
   defining Unicode char U+0164 (decimal 356)
   defining Unicode char U+0165 (decimal 357)
   defining Unicode char U+016E (decimal 366)
   defining Unicode char U+016F (decimal 367)
   defining Unicode char U+0170 (decimal 368)
   defining Unicode char U+0171 (decimal 369)
   defining Unicode char U+0178 (decimal 376)
   defining Unicode char U+0179 (decimal 377)
   defining Unicode char U+017A (decimal 378)
   defining Unicode char U+017B (decimal 379)
   defining Unicode char U+017C (decimal 380)
   defining Unicode char U+017D (decimal 381)
   defining Unicode char U+017E (decimal 382)
   defining Unicode char U+200C (decimal 8204)
   defining Unicode char U+2013 (decimal 8211)
   defining Unicode char U+2014 (decimal 8212)
   defining Unicode char U+2018 (decimal 8216)
   defining Unicode char U+2019 (decimal 8217)
   defining Unicode char U+201A (decimal 8218)
   defining Unicode char U+201C (decimal 8220)
   defining Unicode char U+201D (decimal 8221)
   defining Unicode char U+201E (decimal 8222)
   defining Unicode char U+2030 (decimal 8240)
   defining Unicode char U+2031 (decimal 8241)
   defining Unicode char U+2039 (decimal 8249)
   defining Unicode char U+203A (decimal 8250)
   defining Unicode char U+2423 (decimal 9251)
)
Now handling font encoding OT1 ...
... processing UTF-8 mapping file for font encoding OT1

(/nix/store/ycxdns2l94h5nfczz2k60girzc4ikkxy-TeXLive-linkdir/texmf-dist/tex/lat
ex/base/ot1enc.dfu
File: ot1enc.dfu 2008/04/05 v1.1m UTF-8 support for inputenc
   defining Unicode char U+00A1 (decimal 161)
   defining Unicode char U+00A3 (decimal 163)
   defining Unicode char U+00B8 (decimal 184)
   defining Unicode char U+00BF (decimal 191)
   defining Unicode char U+00C5 (decimal 197)
   defining Unicode char U+00C6 (decimal 198)
   defining Unicode char U+00D8 (decimal 216)
   defining Unicode char U+00DF (decimal 223)
   defining Unicode char U+00E6 (decimal 230)
   defining Unicode char U+00EC (decimal 236)
   defining Unicode char U+00ED (decimal 237)
   defining Unicode char U+00EE (decimal 238)
   defining Unicode char U+00EF (decimal 239)
   defining Unicode char U+00F8 (decimal 248)
   defining Unicode char U+0131 (decimal 305)
   defining Unicode char U+0141 (decimal 321)
   defining Unicode char U+0142 (decimal 322)
   defining Unicode char U+0152 (decimal 338)
   defining Unicode char U+0153 (decimal 339)
   defining Unicode char U+2013 (decimal 8211)
   defining Unicode char U+2014 (decimal 8212)
   defining Unicode char U+2018 (decimal 8216)
   defining Unicode char U+2019 (decimal 8217)
   defining Unicode char U+201C (decimal 8220)
   defining Unicode char U+201D (decimal 8221)
)
Now handling font encoding OMS ...
... processing UTF-8 mapping file for font encoding OMS

(/nix/store/ycxdns2l94h5nfczz2k60girzc4ikkxy-TeXLive-linkdir/texmf-dist/tex/lat
ex/base/omsenc.dfu
File: omsenc.dfu 2008/04/05 v1.1m UTF-8 support for inputenc
   defining Unicode char U+00A7 (decimal 167)
   defining Unicode char U+00B6 (decimal 182)
   defining Unicode char U+00B7 (decimal 183)
   defining Unicode char U+2020 (decimal 8224)
   defining Unicode char U+2021 (decimal 8225)
   defining Unicode char U+2022 (decimal 8226)
)
Now handling font encoding OMX ...
... no UTF-8 mapping file for font encoding OMX
Now handling font encoding U ...
... no UTF-8 mapping file for font encoding U
   defining Unicode char U+00A9 (decimal 169)
   defining Unicode char U+00AA (decimal 170)
   defining Unicode char U+00AE (decimal 174)
   defining Unicode char U+00BA (decimal 186)
   defining Unicode char U+02C6 (decimal 710)
   defining Unicode char U+02DC (decimal 732)
   defining Unicode char U+200C (decimal 8204)
   defining Unicode char U+2026 (decimal 8230)
   defining Unicode char U+2122 (decimal 8482)
   defining Unicode char U+2423 (decimal 9251)
))
(/nix/store/ycxdns2l94h5nfczz2k60girzc4ikkxy-TeXLive-linkdir/texmf-dist/tex/lat
ex/graphics/graphicx.sty
Package: graphicx 2014/04/25 v1.0g Enhanced LaTeX Graphics (DPC,SPQR)

(/nix/store/ycxdns2l94h5nfczz2k60girzc4ikkxy-TeXLive-linkdir/texmf-dist/tex/lat
ex/graphics/keyval.sty
Package: keyval 2014/05/08 v1.15 key=value parser (DPC)
\KV@toks@=\toks16
)
(/nix/store/ycxdns2l94h5nfczz2k60girzc4ikkxy-TeXLive-linkdir/texmf-dist/tex/lat
ex/graphics/graphics.sty
Package: graphics 2009/02/05 v1.0o Standard LaTeX Graphics (DPC,SPQR)

(/nix/store/ycxdns2l94h5nfczz2k60girzc4ikkxy-TeXLive-linkdir/texmf-dist/tex/lat
ex/graphics/trig.sty
Package: trig 1999/03/16 v1.09 sin cos tan (DPC)
)
(/nix/store/ycxdns2l94h5nfczz2k60girzc4ikkxy-TeXLive-linkdir/texmf-dist/tex/lat
ex/latexconfig/graphics.cfg
File: graphics.cfg 2010/04/23 v1.9 graphics configuration of TeX Live
)
Package graphics Info: Driver file: pdftex.def on input line 91.

(/nix/store/ycxdns2l94h5nfczz2k60girzc4ikkxy-TeXLive-linkdir/texmf-dist/tex/lat
ex/pdftex-def/pdftex.def
File: pdftex.def 2011/05/27 v0.06d Graphics/color for pdfTeX

(/nix/store/ycxdns2l94h5nfczz2k60girzc4ikkxy-TeXLive-linkdir/texmf-dist/tex/gen
eric/oberdiek/infwarerr.sty
Package: infwarerr 2010/04/08 v1.3 Providing info/warning/error messages (HO)
)
(/nix/store/ycxdns2l94h5nfczz2k60girzc4ikkxy-TeXLive-linkdir/texmf-dist/tex/gen
eric/oberdiek/ltxcmds.sty
Package: ltxcmds 2011/11/09 v1.22 LaTeX kernel commands for general use (HO)
)
\Gread@gobject=\count88
))
\Gin@req@height=\dimen104
\Gin@req@width=\dimen105
)
(/nix/store/ycxdns2l94h5nfczz2k60girzc4ikkxy-TeXLive-linkdir/texmf-dist/tex/lat
ex/fourier/fourier.sty
Package: fourier 2005/01/01 1.4 fourier-GUTenberg package
Now handling font encoding FML ...
... no UTF-8 mapping file for font encoding FML
Now handling font encoding FMS ...
... no UTF-8 mapping file for font encoding FMS
Now handling font encoding FMX ...
... no UTF-8 mapping file for font encoding FMX

(/nix/store/ycxdns2l94h5nfczz2k60girzc4ikkxy-TeXLive-linkdir/texmf-dist/tex/lat
ex/base/fontenc.sty
Package: fontenc 2005/09/27 v1.99g Standard LaTeX package

(/nix/store/ycxdns2l94h5nfczz2k60girzc4ikkxy-TeXLive-linkdir/texmf-dist/tex/lat
ex/base/t1enc.def
File: t1enc.def 2005/09/27 v1.99g Standard LaTeX file
LaTeX Font Info:    Redeclaring font encoding T1 on input line 43.
))
(/nix/store/ycxdns2l94h5nfczz2k60girzc4ikkxy-TeXLive-linkdir/texmf-dist/tex/lat
ex/base/textcomp.sty
Package: textcomp 2005/09/27 v1.99g Standard LaTeX package
Package textcomp Info: Sub-encoding information:
(textcomp)               5 = only ISO-Adobe without \textcurrency
(textcomp)               4 = 5 + \texteuro
(textcomp)               3 = 4 + \textohm
(textcomp)               2 = 3 + \textestimated + \textcurrency
(textcomp)               1 = TS1 - \textcircled - \t
(textcomp)               0 = TS1 (full)
(textcomp)             Font families with sub-encoding setting implement
(textcomp)             only a restricted character set as indicated.
(textcomp)             Family '?' is the default used for unknown fonts.
(textcomp)             See the documentation for details.
Package textcomp Info: Setting ? sub-encoding to TS1/1 on input line 71.

(/nix/store/ycxdns2l94h5nfczz2k60girzc4ikkxy-TeXLive-linkdir/texmf-dist/tex/lat
ex/base/ts1enc.def
File: ts1enc.def 2001/06/05 v3.0e (jk/car/fm) Standard LaTeX file
Now handling font encoding TS1 ...
... processing UTF-8 mapping file for font encoding TS1

(/nix/store/ycxdns2l94h5nfczz2k60girzc4ikkxy-TeXLive-linkdir/texmf-dist/tex/lat
ex/base/ts1enc.dfu
File: ts1enc.dfu 2008/04/05 v1.1m UTF-8 support for inputenc
   defining Unicode char U+00A2 (decimal 162)
   defining Unicode char U+00A3 (decimal 163)
   defining Unicode char U+00A4 (decimal 164)
   defining Unicode char U+00A5 (decimal 165)
   defining Unicode char U+00A6 (decimal 166)
   defining Unicode char U+00A7 (decimal 167)
   defining Unicode char U+00A8 (decimal 168)
   defining Unicode char U+00A9 (decimal 169)
   defining Unicode char U+00AA (decimal 170)
   defining Unicode char U+00AC (decimal 172)
   defining Unicode char U+00AE (decimal 174)
   defining Unicode char U+00AF (decimal 175)
   defining Unicode char U+00B0 (decimal 176)
   defining Unicode char U+00B1 (decimal 177)
   defining Unicode char U+00B2 (decimal 178)
   defining Unicode char U+00B3 (decimal 179)
   defining Unicode char U+00B4 (decimal 180)
   defining Unicode char U+00B5 (decimal 181)
   defining Unicode char U+00B6 (decimal 182)
   defining Unicode char U+00B7 (decimal 183)
   defining Unicode char U+00B9 (decimal 185)
   defining Unicode char U+00BA (decimal 186)
   defining Unicode char U+00BC (decimal 188)
   defining Unicode char U+00BD (decimal 189)
   defining Unicode char U+00BE (decimal 190)
   defining Unicode char U+00D7 (decimal 215)
   defining Unicode char U+00F7 (decimal 247)
   defining Unicode char U+0192 (decimal 402)
   defining Unicode char U+02C7 (decimal 711)
   defining Unicode char U+02D8 (decimal 728)
   defining Unicode char U+02DD (decimal 733)
   defining Unicode char U+0E3F (decimal 3647)
   defining Unicode char U+2016 (decimal 8214)
   defining Unicode char U+2020 (decimal 8224)
   defining Unicode char U+2021 (decimal 8225)
   defining Unicode char U+2022 (decimal 8226)
   defining Unicode char U+2030 (decimal 8240)
   defining Unicode char U+2031 (decimal 8241)
   defining Unicode char U+203B (decimal 8251)
   defining Unicode char U+203D (decimal 8253)
   defining Unicode char U+2044 (decimal 8260)
   defining Unicode char U+204E (decimal 8270)
   defining Unicode char U+2052 (decimal 8274)
   defining Unicode char U+20A1 (decimal 8353)
   defining Unicode char U+20A4 (decimal 8356)
   defining Unicode char U+20A6 (decimal 8358)
   defining Unicode char U+20A9 (decimal 8361)
   defining Unicode char U+20AB (decimal 8363)
   defining Unicode char U+20AC (decimal 8364)
   defining Unicode char U+20B1 (decimal 8369)
   defining Unicode char U+2103 (decimal 8451)
   defining Unicode char U+2116 (decimal 8470)
   defining Unicode char U+2117 (decimal 8471)
   defining Unicode char U+211E (decimal 8478)
   defining Unicode char U+2120 (decimal 8480)
   defining Unicode char U+2122 (decimal 8482)
   defining Unicode char U+2126 (decimal 8486)
   defining Unicode char U+2127 (decimal 8487)
   defining Unicode char U+212E (decimal 8494)
   defining Unicode char U+2190 (decimal 8592)
   defining Unicode char U+2191 (decimal 8593)
   defining Unicode char U+2192 (decimal 8594)
   defining Unicode char U+2193 (decimal 8595)
   defining Unicode char U+2329 (decimal 9001)
   defining Unicode char U+232A (decimal 9002)
   defining Unicode char U+2422 (decimal 9250)
   defining Unicode char U+25E6 (decimal 9702)
   defining Unicode char U+25EF (decimal 9711)
   defining Unicode char U+266A (decimal 9834)
))
LaTeX Info: Redefining \oldstylenums on input line 266.
Package textcomp Info: Setting cmr sub-encoding to TS1/0 on input line 281.
Package textcomp Info: Setting cmss sub-encoding to TS1/0 on input line 282.
Package textcomp Info: Setting cmtt sub-encoding to TS1/0 on input line 283.
Package textcomp Info: Setting cmvtt sub-encoding to TS1/0 on input line 284.
Package textcomp Info: Setting cmbr sub-encoding to TS1/0 on input line 285.
Package textcomp Info: Setting cmtl sub-encoding to TS1/0 on input line 286.
Package textcomp Info: Setting ccr sub-encoding to TS1/0 on input line 287.
Package textcomp Info: Setting ptm sub-encoding to TS1/4 on input line 288.
Package textcomp Info: Setting pcr sub-encoding to TS1/4 on input line 289.
Package textcomp Info: Setting phv sub-encoding to TS1/4 on input line 290.
Package textcomp Info: Setting ppl sub-encoding to TS1/3 on input line 291.
Package textcomp Info: Setting pag sub-encoding to TS1/4 on input line 292.
Package textcomp Info: Setting pbk sub-encoding to TS1/4 on input line 293.
Package textcomp Info: Setting pnc sub-encoding to TS1/4 on input line 294.
Package textcomp Info: Setting pzc sub-encoding to TS1/4 on input line 295.
Package textcomp Info: Setting bch sub-encoding to TS1/4 on input line 296.
Package textcomp Info: Setting put sub-encoding to TS1/5 on input line 297.
Package textcomp Info: Setting uag sub-encoding to TS1/5 on input line 298.
Package textcomp Info: Setting ugq sub-encoding to TS1/5 on input line 299.
Package textcomp Info: Setting ul8 sub-encoding to TS1/4 on input line 300.
Package textcomp Info: Setting ul9 sub-encoding to TS1/4 on input line 301.
Package textcomp Info: Setting augie sub-encoding to TS1/5 on input line 302.
Package textcomp Info: Setting dayrom sub-encoding to TS1/3 on input line 303.
Package textcomp Info: Setting dayroms sub-encoding to TS1/3 on input line 304.

Package textcomp Info: Setting pxr sub-encoding to TS1/0 on input line 305.
Package textcomp Info: Setting pxss sub-encoding to TS1/0 on input line 306.
Package textcomp Info: Setting pxtt sub-encoding to TS1/0 on input line 307.
Package textcomp Info: Setting txr sub-encoding to TS1/0 on input line 308.
Package textcomp Info: Setting txss sub-encoding to TS1/0 on input line 309.
Package textcomp Info: Setting txtt sub-encoding to TS1/0 on input line 310.
Package textcomp Info: Setting lmr sub-encoding to TS1/0 on input line 311.
Package textcomp Info: Setting lmdh sub-encoding to TS1/0 on input line 312.
Package textcomp Info: Setting lmss sub-encoding to TS1/0 on input line 313.
Package textcomp Info: Setting lmssq sub-encoding to TS1/0 on input line 314.
Package textcomp Info: Setting lmvtt sub-encoding to TS1/0 on input line 315.
Package textcomp Info: Setting qhv sub-encoding to TS1/0 on input line 316.
Package textcomp Info: Setting qag sub-encoding to TS1/0 on input line 317.
Package textcomp Info: Setting qbk sub-encoding to TS1/0 on input line 318.
Package textcomp Info: Setting qcr sub-encoding to TS1/0 on input line 319.
Package textcomp Info: Setting qcs sub-encoding to TS1/0 on input line 320.
Package textcomp Info: Setting qpl sub-encoding to TS1/0 on input line 321.
Package textcomp Info: Setting qtm sub-encoding to TS1/0 on input line 322.
Package textcomp Info: Setting qzc sub-encoding to TS1/0 on input line 323.
Package textcomp Info: Setting qhvc sub-encoding to TS1/0 on input line 324.
Package textcomp Info: Setting futs sub-encoding to TS1/4 on input line 325.
Package textcomp Info: Setting futx sub-encoding to TS1/4 on input line 326.
Package textcomp Info: Setting futj sub-encoding to TS1/4 on input line 327.
Package textcomp Info: Setting hlh sub-encoding to TS1/3 on input line 328.
Package textcomp Info: Setting hls sub-encoding to TS1/3 on input line 329.
Package textcomp Info: Setting hlst sub-encoding to TS1/3 on input line 330.
Package textcomp Info: Setting hlct sub-encoding to TS1/5 on input line 331.
Package textcomp Info: Setting hlx sub-encoding to TS1/5 on input line 332.
Package textcomp Info: Setting hlce sub-encoding to TS1/5 on input line 333.
Package textcomp Info: Setting hlcn sub-encoding to TS1/5 on input line 334.
Package textcomp Info: Setting hlcw sub-encoding to TS1/5 on input line 335.
Package textcomp Info: Setting hlcf sub-encoding to TS1/5 on input line 336.
Package textcomp Info: Setting pplx sub-encoding to TS1/3 on input line 337.
Package textcomp Info: Setting pplj sub-encoding to TS1/3 on input line 338.
Package textcomp Info: Setting ptmx sub-encoding to TS1/4 on input line 339.
Package textcomp Info: Setting ptmj sub-encoding to TS1/4 on input line 340.
)
(/nix/store/ycxdns2l94h5nfczz2k60girzc4ikkxy-TeXLive-linkdir/texmf-dist/tex/lat
ex/fourier/fourier-orns.sty
Package: fourier-orns 2004/01/30 1.1 fourier-ornaments package
)
LaTeX Font Info:    Redeclaring symbol font `operators' on input line 50.
LaTeX Font Info:    Encoding `OT1' has changed to `T1' for symbol font
(Font)              `operators' in the math version `normal' on input line 50.
LaTeX Font Info:    Overwriting symbol font `operators' in version `normal'
(Font)                  OT1/cmr/m/n --> T1/futs/m/n on input line 50.
LaTeX Font Info:    Encoding `OT1' has changed to `T1' for symbol font
(Font)              `operators' in the math version `bold' on input line 50.
LaTeX Font Info:    Overwriting symbol font `operators' in version `bold'
(Font)                  OT1/cmr/bx/n --> T1/futs/m/n on input line 50.
LaTeX Font Info:    Overwriting symbol font `operators' in version `bold'
(Font)                  T1/futs/m/n --> T1/futs/b/n on input line 51.
LaTeX Font Info:    Redeclaring symbol font `letters' on input line 59.
LaTeX Font Info:    Encoding `OML' has changed to `FML' for symbol font
(Font)              `letters' in the math version `normal' on input line 59.
LaTeX Font Info:    Overwriting symbol font `letters' in version `normal'
(Font)                  OML/cmm/m/it --> FML/futmi/m/it on input line 59.
LaTeX Font Info:    Encoding `OML' has changed to `FML' for symbol font
(Font)              `letters' in the math version `bold' on input line 59.
LaTeX Font Info:    Overwriting symbol font `letters' in version `bold'
(Font)                  OML/cmm/b/it --> FML/futmi/m/it on input line 59.
\symotherletters=\mathgroup4
LaTeX Font Info:    Overwriting symbol font `letters' in version `bold'
(Font)                  FML/futmi/m/it --> FML/futmi/b/it on input line 61.
LaTeX Font Info:    Overwriting symbol font `otherletters' in version `bold'
(Font)                  FML/futm/m/it --> FML/futm/b/it on input line 62.
LaTeX Font Info:    Redeclaring math symbol \Gamma on input line 63.
LaTeX Font Info:    Redeclaring math symbol \Delta on input line 64.
LaTeX Font Info:    Redeclaring math symbol \Theta on input line 65.
LaTeX Font Info:    Redeclaring math symbol \Lambda on input line 66.
LaTeX Font Info:    Redeclaring math symbol \Xi on input line 67.
LaTeX Font Info:    Redeclaring math symbol \Pi on input line 68.
LaTeX Font Info:    Redeclaring math symbol \Sigma on input line 69.
LaTeX Font Info:    Redeclaring math symbol \Upsilon on input line 70.
LaTeX Font Info:    Redeclaring math symbol \Phi on input line 71.
LaTeX Font Info:    Redeclaring math symbol \Psi on input line 72.
LaTeX Font Info:    Redeclaring math symbol \Omega on input line 73.
LaTeX Font Info:    Redeclaring symbol font `symbols' on input line 113.
LaTeX Font Info:    Encoding `OMS' has changed to `FMS' for symbol font
(Font)              `symbols' in the math version `normal' on input line 113.
LaTeX Font Info:    Overwriting symbol font `symbols' in version `normal'
(Font)                  OMS/cmsy/m/n --> FMS/futm/m/n on input line 113.
LaTeX Font Info:    Encoding `OMS' has changed to `FMS' for symbol font
(Font)              `symbols' in the math version `bold' on input line 113.
LaTeX Font Info:    Overwriting symbol font `symbols' in version `bold'
(Font)                  OMS/cmsy/b/n --> FMS/futm/m/n on input line 113.
LaTeX Font Info:    Redeclaring symbol font `largesymbols' on input line 114.
LaTeX Font Info:    Encoding `OMX' has changed to `FMX' for symbol font
(Font)              `largesymbols' in the math version `normal' on input line 1
14.
LaTeX Font Info:    Overwriting symbol font `largesymbols' in version `normal'
(Font)                  OMX/cmex/m/n --> FMX/futm/m/n on input line 114.
LaTeX Font Info:    Encoding `OMX' has changed to `FMX' for symbol font
(Font)              `largesymbols' in the math version `bold' on input line 114
.
LaTeX Font Info:    Overwriting symbol font `largesymbols' in version `bold'
(Font)                  OMX/cmex/m/n --> FMX/futm/m/n on input line 114.
LaTeX Font Info:    Redeclaring math alphabet \mathbf on input line 115.
LaTeX Font Info:    Overwriting math alphabet `\mathbf' in version `normal'
(Font)                  OT1/cmr/bx/n --> T1/futs/bx/n on input line 115.
LaTeX Font Info:    Overwriting math alphabet `\mathbf' in version `bold'
(Font)                  OT1/cmr/bx/n --> T1/futs/bx/n on input line 115.
LaTeX Font Info:    Redeclaring math alphabet \mathrm on input line 116.
LaTeX Font Info:    Redeclaring math alphabet \mathit on input line 117.
LaTeX Font Info:    Overwriting math alphabet `\mathit' in version `normal'
(Font)                  OT1/cmr/m/it --> T1/futs/m/it on input line 117.
LaTeX Font Info:    Overwriting math alphabet `\mathit' in version `bold'
(Font)                  OT1/cmr/bx/it --> T1/futs/m/it on input line 117.
LaTeX Font Info:    Redeclaring math alphabet \mathcal on input line 118.
LaTeX Font Info:    Redeclaring math symbol \parallel on input line 134.
LaTeX Font Info:    Redeclaring math symbol \hbar on input line 148.
LaTeX Font Info:    Redeclaring math symbol \varkappa on input line 186.
LaTeX Font Info:    Redeclaring math symbol \varvarrho on input line 187.
LaTeX Font Info:    Redeclaring math delimiter \Vert on input line 210.
LaTeX Font Info:    Redeclaring math delimiter \vert on input line 215.
LaTeX Font Info:    Redeclaring math delimiter \Downarrow on input line 225.
LaTeX Font Info:    Redeclaring math delimiter \backslash on input line 227.
LaTeX Font Info:    Redeclaring math delimiter \rangle on input line 229.
LaTeX Font Info:    Redeclaring math delimiter \langle on input line 231.
LaTeX Font Info:    Redeclaring math delimiter \rbrace on input line 233.
LaTeX Font Info:    Redeclaring math delimiter \lbrace on input line 235.
LaTeX Font Info:    Redeclaring math delimiter \rceil on input line 237.
LaTeX Font Info:    Redeclaring math delimiter \lceil on input line 239.
LaTeX Font Info:    Redeclaring math delimiter \rfloor on input line 241.
LaTeX Font Info:    Redeclaring math delimiter \lfloor on input line 243.
LaTeX Font Info:    Redeclaring math accent \acute on input line 247.
LaTeX Font Info:    Redeclaring math accent \grave on input line 248.
LaTeX Font Info:    Redeclaring math accent \ddot on input line 249.
LaTeX Font Info:    Redeclaring math accent \tilde on input line 250.
LaTeX Font Info:    Redeclaring math accent \bar on input line 251.
LaTeX Font Info:    Redeclaring math accent \breve on input line 252.
LaTeX Font Info:    Redeclaring math accent \check on input line 253.
LaTeX Font Info:    Redeclaring math accent \hat on input line 254.
LaTeX Font Info:    Redeclaring math accent \dot on input line 255.
LaTeX Font Info:    Redeclaring math accent \mathring on input line 256.
\symUfutm=\mathgroup5
)
(/nix/store/ycxdns2l94h5nfczz2k60girzc4ikkxy-TeXLive-linkdir/texmf-dist/tex/lat
ex/amsmath/amsmath.sty
Package: amsmath 2013/01/14 v2.14 AMS math features
\@mathmargin=\skip43

For additional information on amsmath, use the `?' option.

(/nix/store/ycxdns2l94h5nfczz2k60girzc4ikkxy-TeXLive-linkdir/texmf-dist/tex/lat
ex/amsmath/amstext.sty
Package: amstext 2000/06/29 v2.01

(/nix/store/ycxdns2l94h5nfczz2k60girzc4ikkxy-TeXLive-linkdir/texmf-dist/tex/lat
ex/amsmath/amsgen.sty
File: amsgen.sty 1999/11/30 v2.0
\@emptytoks=\toks17
\ex@=\dimen106
))
(/nix/store/ycxdns2l94h5nfczz2k60girzc4ikkxy-TeXLive-linkdir/texmf-dist/tex/lat
ex/amsmath/amsbsy.sty
Package: amsbsy 1999/11/29 v1.2d
\pmbraise@=\dimen107
)
(/nix/store/ycxdns2l94h5nfczz2k60girzc4ikkxy-TeXLive-linkdir/texmf-dist/tex/lat
ex/amsmath/amsopn.sty
Package: amsopn 1999/12/14 v2.01 operator names
)
\inf@bad=\count89
LaTeX Info: Redefining \frac on input line 210.
\uproot@=\count90
\leftroot@=\count91
LaTeX Info: Redefining \overline on input line 306.
\classnum@=\count92
\DOTSCASE@=\count93
LaTeX Info: Redefining \ldots on input line 378.
LaTeX Info: Redefining \dots on input line 381.
LaTeX Info: Redefining \cdots on input line 466.
\Mathstrutbox@=\box26
\strutbox@=\box27
\big@size=\dimen108
LaTeX Font Info:    Redeclaring font encoding OML on input line 566.
LaTeX Font Info:    Redeclaring font encoding OMS on input line 567.
\macc@depth=\count94
\c@MaxMatrixCols=\count95
\dotsspace@=\muskip10
\c@parentequation=\count96
\dspbrk@lvl=\count97
\tag@help=\toks18
\row@=\count98
\column@=\count99
\maxfields@=\count100
\andhelp@=\toks19
\eqnshift@=\dimen109
\alignsep@=\dimen110
\tagshift@=\dimen111
\tagwidth@=\dimen112
\totwidth@=\dimen113
\lineht@=\dimen114
\@envbody=\toks20
\multlinegap=\skip44
\multlinetaggap=\skip45
\mathdisplay@stack=\toks21
LaTeX Info: Redefining \[ on input line 2665.
LaTeX Info: Redefining \] on input line 2666.
)
(/nix/store/ycxdns2l94h5nfczz2k60girzc4ikkxy-TeXLive-linkdir/texmf-dist/tex/lat
ex/amsfonts/amsfonts.sty
Package: amsfonts 2013/01/14 v3.01 Basic AMSFonts support
\symAMSa=\mathgroup6
\symAMSb=\mathgroup7
LaTeX Font Info:    Overwriting math alphabet `\mathfrak' in version `bold'
(Font)                  U/euf/m/n --> U/euf/b/n on input line 106.
LaTeX Font Info:    Redeclaring math symbol \square on input line 141.
)
(/nix/store/ycxdns2l94h5nfczz2k60girzc4ikkxy-TeXLive-linkdir/texmf-dist/tex/lat
ex/amscls/amsthm.sty
Package: amsthm 2009/07/02 v2.20.1
\thm@style=\toks22
\thm@bodyfont=\toks23
\thm@headfont=\toks24
\thm@notefont=\toks25
\thm@headpunct=\toks26
\thm@preskip=\skip46
\thm@postskip=\skip47
\thm@headsep=\skip48
\dth@everypar=\toks27
)
(/nix/store/ycxdns2l94h5nfczz2k60girzc4ikkxy-TeXLive-linkdir/texmf-dist/tex/lat
ex/lipsum/lipsum.sty
Package: lipsum 2014/07/27 v1.3 150 paragraphs of Lorem Ipsum dummy text
\c@lips@count=\count101
)
(/nix/store/ycxdns2l94h5nfczz2k60girzc4ikkxy-TeXLive-linkdir/texmf-dist/tex/lat
ex/adjustbox/adjustbox.sty
Package: adjustbox 2012/05/21 v1.0 Adjusting TeX boxes (trim, clip, ...)

(/nix/store/ycxdns2l94h5nfczz2k60girzc4ikkxy-TeXLive-linkdir/texmf-dist/tex/lat
ex/xkeyval/xkeyval.sty
Package: xkeyval 2014/05/25 v2.7 package option processing (HA)

(/nix/store/ycxdns2l94h5nfczz2k60girzc4ikkxy-TeXLive-linkdir/texmf-dist/tex/gen
eric/xkeyval/xkeyval.tex
(/nix/store/ycxdns2l94h5nfczz2k60girzc4ikkxy-TeXLive-linkdir/texmf-dist/tex/gen
eric/xkeyval/xkvutils.tex
\XKV@toks=\toks28
\XKV@tempa@toks=\toks29
)
\XKV@depth=\count102
File: xkeyval.tex 2014/05/25 v2.7 key=value parser (HA)
))
(/nix/store/ycxdns2l94h5nfczz2k60girzc4ikkxy-TeXLive-linkdir/texmf-dist/tex/lat
ex/adjustbox/adjcalc.sty
Package: adjcalc 2012/05/16 v1.1 Provides advanced setlength with multiple back
-ends (calc, etex, pgfmath)
)
(/nix/store/ycxdns2l94h5nfczz2k60girzc4ikkxy-TeXLive-linkdir/texmf-dist/tex/lat
ex/adjustbox/trimclip.sty
Package: trimclip 2012/05/16 v1.0 Trim and clip general TeX material

(/nix/store/ycxdns2l94h5nfczz2k60girzc4ikkxy-TeXLive-linkdir/texmf-dist/tex/lat
ex/collectbox/collectbox.sty
Package: collectbox 2012/05/17 v0.4b Collect macro arguments as boxes
\collectedbox=\box28
)
\tc@llx=\dimen115
\tc@lly=\dimen116
\tc@urx=\dimen117
\tc@ury=\dimen118
Package trimclip Info: Using driver 'tc-pdftex.def'.

(/nix/store/ycxdns2l94h5nfczz2k60girzc4ikkxy-TeXLive-linkdir/texmf-dist/tex/lat
ex/adjustbox/tc-pdftex.def
File: tc-pdftex.def 2012/05/13 v1.0 Clipping driver for pdftex
))
\adjbox@Width=\dimen119
\adjbox@Height=\dimen120
\adjbox@Depth=\dimen121
\adjbox@Totalheight=\dimen122

(/nix/store/ycxdns2l94h5nfczz2k60girzc4ikkxy-TeXLive-linkdir/texmf-dist/tex/lat
ex/ifoddpage/ifoddpage.sty
Package: ifoddpage 2011/09/13 v1.0 Conditionals for odd/even page detection
\c@checkoddpage=\count103
)
(/nix/store/ycxdns2l94h5nfczz2k60girzc4ikkxy-TeXLive-linkdir/texmf-dist/tex/lat
ex/varwidth/varwidth.sty
Package: varwidth 2009/03/30 ver 0.92;  Variable-width minipages
\@vwid@box=\box29
\sift@deathcycles=\count104
\@vwid@loff=\dimen123
\@vwid@roff=\dimen124
))
(/nix/store/ycxdns2l94h5nfczz2k60girzc4ikkxy-TeXLive-linkdir/texmf-dist/tex/lat
ex/geometry/geometry.sty
Package: geometry 2010/09/12 v5.6 Page Geometry

(/nix/store/ycxdns2l94h5nfczz2k60girzc4ikkxy-TeXLive-linkdir/texmf-dist/tex/gen
eric/oberdiek/ifpdf.sty
Package: ifpdf 2011/01/30 v2.3 Provides the ifpdf switch (HO)
Package ifpdf Info: pdfTeX in PDF mode is detected.
)
(/nix/store/ycxdns2l94h5nfczz2k60girzc4ikkxy-TeXLive-linkdir/texmf-dist/tex/gen
eric/oberdiek/ifvtex.sty
Package: ifvtex 2010/03/01 v1.5 Detect VTeX and its facilities (HO)
Package ifvtex Info: VTeX not detected.
)
(/nix/store/ycxdns2l94h5nfczz2k60girzc4ikkxy-TeXLive-linkdir/texmf-dist/tex/gen
eric/ifxetex/ifxetex.sty
Package: ifxetex 2010/09/12 v0.6 Provides ifxetex conditional
)
\Gm@cnth=\count105
\Gm@cntv=\count106
\c@Gm@tempcnt=\count107
\Gm@bindingoffset=\dimen125
\Gm@wd@mp=\dimen126
\Gm@odd@mp=\dimen127
\Gm@even@mp=\dimen128
\Gm@layoutwidth=\dimen129
\Gm@layoutheight=\dimen130
\Gm@layouthoffset=\dimen131
\Gm@layoutvoffset=\dimen132
\Gm@dimlist=\toks30
)
(/nix/store/ycxdns2l94h5nfczz2k60girzc4ikkxy-TeXLive-linkdir/texmf-dist/tex/lat
ex/sectsty/sectsty.sty
Package: sectsty 2002/02/25 v2.0.2 Commands to change all sectional heading sty
les
)
(/nix/store/ycxdns2l94h5nfczz2k60girzc4ikkxy-TeXLive-linkdir/texmf-dist/tex/lat
ex/fancyhdr/fancyhdr.sty
\fancy@headwidth=\skip49
\f@ncyO@elh=\skip50
\f@ncyO@erh=\skip51
\f@ncyO@olh=\skip52
\f@ncyO@orh=\skip53
\f@ncyO@elf=\skip54
\f@ncyO@erf=\skip55
\f@ncyO@olf=\skip56
\f@ncyO@orf=\skip57
)
(/nix/store/ycxdns2l94h5nfczz2k60girzc4ikkxy-TeXLive-linkdir/texmf-dist/tex/lat
ex/float/float.sty
Package: float 2001/11/08 v1.3d Float enhancements (AL)
\c@float@type=\count108
\float@exts=\toks31
\float@box=\box30
\@float@everytoks=\toks32
\@floatcapt=\box31
)
(/nix/store/ycxdns2l94h5nfczz2k60girzc4ikkxy-TeXLive-linkdir/texmf-dist/tex/lat
ex/tools/indentfirst.sty
Package: indentfirst 1995/11/23 v1.03 Indent first paragraph (DPC)
)

LaTeX Warning: Unused global option(s):
    [paper=a4,fontsize=11pt].

(./assignment_3.aux)
\openout1 = `assignment_3.aux'.

LaTeX Font Info:    Checking defaults for OML/cmm/m/it on input line 77.
LaTeX Font Info:    ... okay on input line 77.
LaTeX Font Info:    Checking defaults for T1/cmr/m/n on input line 77.
LaTeX Font Info:    ... okay on input line 77.
LaTeX Font Info:    Checking defaults for OT1/cmr/m/n on input line 77.
LaTeX Font Info:    ... okay on input line 77.
LaTeX Font Info:    Checking defaults for OMS/cmsy/m/n on input line 77.
LaTeX Font Info:    ... okay on input line 77.
LaTeX Font Info:    Checking defaults for OMX/cmex/m/n on input line 77.
LaTeX Font Info:    ... okay on input line 77.
LaTeX Font Info:    Checking defaults for U/cmr/m/n on input line 77.
LaTeX Font Info:    ... okay on input line 77.
LaTeX Font Info:    Checking defaults for FML/futm/m/it on input line 77.
LaTeX Font Info:    Try loading font information for FML+futm on input line 77.


(/nix/store/ycxdns2l94h5nfczz2k60girzc4ikkxy-TeXLive-linkdir/texmf-dist/tex/lat
ex/fourier/fmlfutm.fd
File: fmlfutm.fd 2004/10/30 Fontinst v1.926 font definitions for FML/futm.
)
LaTeX Font Info:    ... okay on input line 77.
LaTeX Font Info:    Checking defaults for FMS/futm/m/n on input line 77.
LaTeX Font Info:    Try loading font information for FMS+futm on input line 77.


(/nix/store/ycxdns2l94h5nfczz2k60girzc4ikkxy-TeXLive-linkdir/texmf-dist/tex/lat
ex/fourier/fmsfutm.fd
File: fmsfutm.fd 2004/10/30 Fontinst v1.926 font definitions for FMS/futm.
)
LaTeX Font Info:    ... okay on input line 77.
LaTeX Font Info:    Checking defaults for FMX/futm/m/n on input line 77.
LaTeX Font Info:    Try loading font information for FMX+futm on input line 77.


(/nix/store/ycxdns2l94h5nfczz2k60girzc4ikkxy-TeXLive-linkdir/texmf-dist/tex/lat
ex/fourier/fmxfutm.fd
File: fmxfutm.fd futm-extension
)
LaTeX Font Info:    ... okay on input line 77.
LaTeX Font Info:    Checking defaults for TS1/cmr/m/n on input line 77.
LaTeX Font Info:    Try loading font information for TS1+cmr on input line 77.

(/nix/store/ycxdns2l94h5nfczz2k60girzc4ikkxy-TeXLive-linkdir/texmf-dist/tex/lat
ex/base/ts1cmr.fd
File: ts1cmr.fd 1999/05/25 v2.5h Standard LaTeX font definitions
)
LaTeX Font Info:    ... okay on input line 77.
LaTeX Font Info:    Try loading font information for T1+futs on input line 77.

(/nix/store/ycxdns2l94h5nfczz2k60girzc4ikkxy-TeXLive-linkdir/texmf-dist/tex/lat
ex/fourier/t1futs.fd
File: t1futs.fd 2004/03/02 Fontinst v1.926 font definitions for T1/futs.
)
(/nix/store/ycxdns2l94h5nfczz2k60girzc4ikkxy-TeXLive-linkdir/texmf-dist/tex/con
text/base/supp-pdf.mkii
[Loading MPS to PDF converter (version 2006.09.02).]
\scratchcounter=\count109
\scratchdimen=\dimen133
\scratchbox=\box32
\nofMPsegments=\count110
\nofMParguments=\count111
\everyMPshowfont=\toks33
\MPscratchCnt=\count112
\MPscratchDim=\dimen134
\MPnumerator=\count113
\makeMPintoPDFobject=\count114
\everyMPtoPDFconversion=\toks34
)
(/nix/store/ycxdns2l94h5nfczz2k60girzc4ikkxy-TeXLive-linkdir/texmf-dist/tex/gen
eric/oberdiek/pdftexcmds.sty
Package: pdftexcmds 2011/11/29 v0.20 Utility functions of pdfTeX for LuaTeX (HO
)

(/nix/store/ycxdns2l94h5nfczz2k60girzc4ikkxy-TeXLive-linkdir/texmf-dist/tex/gen
eric/oberdiek/ifluatex.sty
Package: ifluatex 2010/03/01 v1.3 Provides the ifluatex switch (HO)
Package ifluatex Info: LuaTeX not detected.
)
Package pdftexcmds Info: LuaTeX not detected.
Package pdftexcmds Info: \pdf@primitive is available.
Package pdftexcmds Info: \pdf@ifprimitive is available.
Package pdftexcmds Info: \pdfdraftmode found.
)
(/nix/store/ycxdns2l94h5nfczz2k60girzc4ikkxy-TeXLive-linkdir/texmf-dist/tex/lat
ex/oberdiek/epstopdf-base.sty
Package: epstopdf-base 2010/02/09 v2.5 Base part for package epstopdf

(/nix/store/ycxdns2l94h5nfczz2k60girzc4ikkxy-TeXLive-linkdir/texmf-dist/tex/lat
ex/oberdiek/grfext.sty
Package: grfext 2010/08/19 v1.1 Manage graphics extensions (HO)

(/nix/store/ycxdns2l94h5nfczz2k60girzc4ikkxy-TeXLive-linkdir/texmf-dist/tex/gen
eric/oberdiek/kvdefinekeys.sty
Package: kvdefinekeys 2011/04/07 v1.3 Define keys (HO)
))
(/nix/store/ycxdns2l94h5nfczz2k60girzc4ikkxy-TeXLive-linkdir/texmf-dist/tex/lat
ex/oberdiek/kvoptions.sty
Package: kvoptions 2011/06/30 v3.11 Key value format for package options (HO)

(/nix/store/ycxdns2l94h5nfczz2k60girzc4ikkxy-TeXLive-linkdir/texmf-dist/tex/gen
eric/oberdiek/kvsetkeys.sty
Package: kvsetkeys 2012/04/25 v1.16 Key value parser (HO)

(/nix/store/ycxdns2l94h5nfczz2k60girzc4ikkxy-TeXLive-linkdir/texmf-dist/tex/gen
eric/oberdiek/etexcmds.sty
Package: etexcmds 2011/02/16 v1.5 Avoid name clashes with e-TeX commands (HO)
Package etexcmds Info: Could not find \expanded.
(etexcmds)             That can mean that you are not using pdfTeX 1.50 or
(etexcmds)             that some package has redefined \expanded.
(etexcmds)             In the latter case, load this package earlier.
)))
Package grfext Info: Graphics extension search list:
(grfext)             [.png,.pdf,.jpg,.mps,.jpeg,.jbig2,.jb2,.PNG,.PDF,.JPG,.JPE
G,.JBIG2,.JB2,.eps]
(grfext)             \AppendGraphicsExtensions on input line 452.

(/nix/store/ycxdns2l94h5nfczz2k60girzc4ikkxy-TeXLive-linkdir/texmf-dist/tex/lat
ex/latexconfig/epstopdf-sys.cfg
File: epstopdf-sys.cfg 2010/07/13 v1.3 Configuration of (r)epstopdf for TeX Liv
e
))
*geometry* driver: auto-detecting
*geometry* detected driver: pdftex
*geometry* verbose mode - [ preamble ] result:
* driver: pdftex
* paper: a4paper
* layout: <same size as paper>
* layoutoffset:(h,v)=(0.0pt,0.0pt)
* modes: 
* h-part:(L,W,R)=(89.62709pt, 418.25368pt, 89.6271pt)
* v-part:(T,H,B)=(101.40665pt, 591.5302pt, 152.11pt)
* \paperwidth=597.50787pt
* \paperheight=845.04684pt
* \textwidth=418.25368pt
* \textheight=591.5302pt
* \oddsidemargin=17.3571pt
* \evensidemargin=17.3571pt
* \topmargin=-7.86334pt
* \headheight=13.6pt
* \headsep=25.0pt
* \topskip=10.0pt
* \footskip=30.0pt
* \marginparwidth=65.0pt
* \marginparsep=11.0pt
* \columnsep=10.0pt
* \skip\footins=9.0pt plus 4.0pt minus 2.0pt
* \hoffset=0.0pt
* \voffset=0.0pt
* \mag=1000
* \@twocolumnfalse
* \@twosidefalse
* \@mparswitchfalse
* \@reversemarginfalse
* (1in=72.27pt=25.4mm, 1cm=28.453pt)

LaTeX Font Info:    Try loading font information for FML+futmi on input line 79
.

(/nix/store/ycxdns2l94h5nfczz2k60girzc4ikkxy-TeXLive-linkdir/texmf-dist/tex/lat
ex/fourier/fmlfutmi.fd
File: fmlfutmi.fd 2004/10/30 Fontinst v1.926 font definitions for FML/futmi.
)
LaTeX Font Info:    Font shape `FMX/futm/m/n' will be
(Font)              scaled to size 11.03998pt on input line 79.
LaTeX Font Info:    Font shape `FMX/futm/m/n' will be
(Font)              scaled to size 8.27998pt on input line 79.
LaTeX Font Info:    Font shape `FMX/futm/m/n' will be
(Font)              scaled to size 6.43999pt on input line 79.
LaTeX Font Info:    Font shape `U/futm/m/n' will be
(Font)              scaled to size 11.03998pt on input line 79.
LaTeX Font Info:    Font shape `U/futm/m/n' will be
(Font)              scaled to size 8.27998pt on input line 79.
LaTeX Font Info:    Font shape `U/futm/m/n' will be
(Font)              scaled to size 6.43999pt on input line 79.
LaTeX Font Info:    Try loading font information for U+msa on input line 79.

(/nix/store/ycxdns2l94h5nfczz2k60girzc4ikkxy-TeXLive-linkdir/texmf-dist/tex/lat
ex/amsfonts/umsa.fd
File: umsa.fd 2013/01/14 v3.01 AMS symbols A
)
LaTeX Font Info:    Try loading font information for U+msb on input line 79.

(/nix/store/ycxdns2l94h5nfczz2k60girzc4ikkxy-TeXLive-linkdir/texmf-dist/tex/lat
ex/amsfonts/umsb.fd
File: umsb.fd 2013/01/14 v3.01 AMS symbols B
) [1

{/nix/store/ycxdns2l94h5nfczz2k60girzc4ikkxy-TeXLive-linkdir/texmf-config/fonts
/map/pdftex/updmap/pdftex.map}]
LaTeX Font Info:    Font shape `T1/futs/bx/n' in size <14.4> not available
(Font)              Font shape `T1/futs/b/n' tried instead on input line 82.
 (./assignment_3.toc
LaTeX Font Info:    Font shape `T1/futs/bx/n' in size <10> not available
(Font)              Font shape `T1/futs/b/n' tried instead on input line 2.
LaTeX Font Info:    Font shape `FMX/futm/m/n' will be
(Font)              scaled to size 9.19998pt on input line 3.
LaTeX Font Info:    Font shape `FMX/futm/m/n' will be
(Font)              scaled to size 6.99199pt on input line 3.
LaTeX Font Info:    Font shape `FMX/futm/m/n' will be
(Font)              scaled to size 5.51999pt on input line 3.
LaTeX Font Info:    Font shape `U/futm/m/n' will be
(Font)              scaled to size 9.19998pt on input line 3.
LaTeX Font Info:    Font shape `U/futm/m/n' will be
(Font)              scaled to size 6.99199pt on input line 3.
LaTeX Font Info:    Font shape `U/futm/m/n' will be
(Font)              scaled to size 5.51999pt on input line 3.
)
\tf@toc=\write3
\openout3 = `assignment_3.toc'.


[2]
LaTeX Font Info:    Font shape `T1/futs/bx/n' in size <12> not available
(Font)              Font shape `T1/futs/b/n' tried instead on input line 91.

</home/gjeusel/projects/intelComp/energy-efficiency/resumo_dos_dados.png, id=11
, 909.3975pt x 285.065pt>
File: /home/gjeusel/projects/intelComp/energy-efficiency/resumo_dos_dados.png G
raphic file (type png)

<use /home/gjeusel/projects/intelComp/energy-efficiency/resumo_dos_dados.png>
Package pdftex.def Info: /home/gjeusel/projects/intelComp/energy-efficiency/res
umo_dos_dados.png used on input line 139.
(pdftex.def)             Requested size: 418.25368pt x 131.10974pt.

[3]
</home/gjeusel/projects/intelComp/energy-efficiency/Xvar_desc_part1.png, id=16,
 739.3221pt x 375.804pt>
File: /home/gjeusel/projects/intelComp/energy-efficiency/Xvar_desc_part1.png Gr
aphic file (type png)

<use /home/gjeusel/projects/intelComp/energy-efficiency/Xvar_desc_part1.png>
Package pdftex.def Info: /home/gjeusel/projects/intelComp/energy-efficiency/Xva
r_desc_part1.png used on input line 182.
(pdftex.def)             Requested size: 418.25368pt x 212.59917pt.

</home/gjeusel/projects/intelComp/energy-efficiency/Xvar_desc_part2.png, id=18,
 739.3221pt x 375.804pt>
File: /home/gjeusel/projects/intelComp/energy-efficiency/Xvar_desc_part2.png Gr
aphic file (type png)

<use /home/gjeusel/projects/intelComp/energy-efficiency/Xvar_desc_part2.png>
Package pdftex.def Info: /home/gjeusel/projects/intelComp/energy-efficiency/Xva
r_desc_part2.png used on input line 185.
(pdftex.def)             Requested size: 418.25368pt x 212.59917pt.

Overfull \hbox (4.13998pt too wide) in paragraph at lines 183--187
 [] 
 []


Overfull \hbox (4.13998pt too wide) in paragraph at lines 183--187
 [] 
 []

[4 </home/gjeusel/projects/intelComp/energy-efficiency/resumo_dos_dados.png>]
LaTeX Font Info:    Try loading font information for TS1+futs on input line 195
.

(/nix/store/ycxdns2l94h5nfczz2k60girzc4ikkxy-TeXLive-linkdir/texmf-dist/tex/lat
ex/fourier/ts1futs.fd
File: ts1futs.fd 2004/03/26 Fontinst v1.926 font definitions for TS1/futs.
) [5 </home/gjeusel/projects/intelComp/energy-efficiency/Xvar_desc_part1.png> <
/home/gjeusel/projects/intelComp/energy-efficiency/Xvar_desc_part2.png>]
</home/gjeusel/projects/intelComp/energy-efficiency/Yvar_desc.png, id=27, 403.2
666pt x 375.804pt>
File: /home/gjeusel/projects/intelComp/energy-efficiency/Yvar_desc.png Graphic 
file (type png)

<use /home/gjeusel/projects/intelComp/energy-efficiency/Yvar_desc.png>
Package pdftex.def Info: /home/gjeusel/projects/intelComp/energy-efficiency/Yva
r_desc.png used on input line 216.
(pdftex.def)             Requested size: 250.95476pt x 233.87341pt.

</home/gjeusel/projects/intelComp/energy-efficiency/Xvar_Znormalized_boxplot.pn
g, id=28, 1161.3789pt x 628.749pt>
File: /home/gjeusel/projects/intelComp/energy-efficiency/Xvar_Znormalized_boxpl
ot.png Graphic file (type png)

<use /home/gjeusel/projects/intelComp/energy-efficiency/Xvar_Znormalized_boxplo
t.png>
Package pdftex.def Info: /home/gjeusel/projects/intelComp/energy-efficiency/Xva
r_Znormalized_boxplot.png used on input line 234.
(pdftex.def)             Requested size: 418.25368pt x 226.42621pt.

Overfull \hbox (4.13998pt too wide) in paragraph at lines 235--236
 [] 
 []

[6 </home/gjeusel/projects/intelComp/energy-efficiency/Yvar_desc.png>]
</home/gjeusel/projects/intelComp/energy-efficiency/Yvar_Znormalized_boxplot.pn
g, id=35, 601.2864pt x 339.669pt>
File: /home/gjeusel/projects/intelComp/energy-efficiency/Yvar_Znormalized_boxpl
ot.png Graphic file (type png)

<use /home/gjeusel/projects/intelComp/energy-efficiency/Yvar_Znormalized_boxplo
t.png>
Package pdftex.def Info: /home/gjeusel/projects/intelComp/energy-efficiency/Yva
r_Znormalized_boxplot.png used on input line 244.
(pdftex.def)             Requested size: 418.25368pt x 236.27399pt.

Overfull \hbox (4.13998pt too wide) in paragraph at lines 245--246
 [] 
 []

[7 </home/gjeusel/projects/intelComp/energy-efficiency/Xvar_Znormalized_boxplot
.png> </home/gjeusel/projects/intelComp/energy-efficiency/Yvar_Znormalized_boxp
lot.png>]
</home/gjeusel/projects/intelComp/energy-efficiency/distance_matrix_euclidean_Z
_normed.png, id=42, 816.651pt x 886.7529pt>
File: /home/gjeusel/projects/intelComp/energy-efficiency/distance_matrix_euclid
ean_Z_normed.png Graphic file (type png)

<use /home/gjeusel/projects/intelComp/energy-efficiency/distance_matrix_euclide
an_Z_normed.png>
Package pdftex.def Info: /home/gjeusel/projects/intelComp/energy-efficiency/dis
tance_matrix_euclidean_Z_normed.png used on input line 266.
(pdftex.def)             Requested size: 418.25368pt x 454.15936pt.
 [8]
</home/gjeusel/projects/intelComp/energy-efficiency/graph_mean_euclidean_dist_Z
normed.png, id=47, 491.436pt x 339.669pt>
File: /home/gjeusel/projects/intelComp/energy-efficiency/graph_mean_euclidean_d
ist_Znormed.png Graphic file (type png)

<use /home/gjeusel/projects/intelComp/energy-efficiency/graph_mean_euclidean_di
st_Znormed.png>
Package pdftex.def Info: /home/gjeusel/projects/intelComp/energy-efficiency/gra
ph_mean_euclidean_dist_Znormed.png used on input line 274.
(pdftex.def)             Requested size: 418.25368pt x 289.10355pt.
 [9 </home/gjeusel/projects/intelComp/energy-efficiency/distance_matrix_euclide
an_Z_normed.png>]
</home/gjeusel/projects/intelComp/energy-efficiency/distance_matrix_mahalanobis
.png, id=52, 816.651pt x 886.7529pt>
File: /home/gjeusel/projects/intelComp/energy-efficiency/distance_matrix_mahala
nobis.png Graphic file (type png)

<use /home/gjeusel/projects/intelComp/energy-efficiency/distance_matrix_mahalan
obis.png>
Package pdftex.def Info: /home/gjeusel/projects/intelComp/energy-efficiency/dis
tance_matrix_mahalanobis.png used on input line 292.
(pdftex.def)             Requested size: 418.25368pt x 454.15936pt.
 [10 </home/gjeusel/projects/intelComp/energy-efficiency/graph_mean_euclidean_d
ist_Znormed.png>]
</home/gjeusel/projects/intelComp/energy-efficiency/graph_mean_mahalanobis_dist
.png, id=58, 491.436pt x 339.669pt>
File: /home/gjeusel/projects/intelComp/energy-efficiency/graph_mean_mahalanobis
_dist.png Graphic file (type png)

<use /home/gjeusel/projects/intelComp/energy-efficiency/graph_mean_mahalanobis_
dist.png>
Package pdftex.def Info: /home/gjeusel/projects/intelComp/energy-efficiency/gra
ph_mean_mahalanobis_dist.png used on input line 300.
(pdftex.def)             Requested size: 418.25368pt x 289.10355pt.
 [11 </home/gjeusel/projects/intelComp/energy-efficiency/distance_matrix_mahala
nobis.png>]
</home/gjeusel/projects/intelComp/energy-efficiency/Xvar_histograms_part1.png, 
id=63, 1166.4378pt x 622.9674pt>
File: /home/gjeusel/projects/intelComp/energy-efficiency/Xvar_histograms_part1.
png Graphic file (type png)

<use /home/gjeusel/projects/intelComp/energy-efficiency/Xvar_histograms_part1.p
ng>
Package pdftex.def Info: /home/gjeusel/projects/intelComp/energy-efficiency/Xva
r_histograms_part1.png used on input line 328.
(pdftex.def)             Requested size: 418.25368pt x 223.38406pt.

</home/gjeusel/projects/intelComp/energy-efficiency/Xvar_histograms_part2.png, 
id=64, 1164.9924pt x 622.9674pt>
File: /home/gjeusel/projects/intelComp/energy-efficiency/Xvar_histograms_part2.
png Graphic file (type png)

<use /home/gjeusel/projects/intelComp/energy-efficiency/Xvar_histograms_part2.p
ng>
Package pdftex.def Info: /home/gjeusel/projects/intelComp/energy-efficiency/Xva
r_histograms_part2.png used on input line 329.
(pdftex.def)             Requested size: 418.25368pt x 223.65973pt.
 [12 </home/gjeusel/projects/intelComp/energy-efficiency/graph_mean_mahalanobis
_dist.png>]
</home/gjeusel/projects/intelComp/energy-efficiency/Yvar_histograms.png, id=69,
 603.4545pt x 449.5194pt>
File: /home/gjeusel/projects/intelComp/energy-efficiency/Yvar_histograms.png Gr
aphic file (type png)

<use /home/gjeusel/projects/intelComp/energy-efficiency/Yvar_histograms.png>
Package pdftex.def Info: /home/gjeusel/projects/intelComp/energy-efficiency/Yva
r_histograms.png used on input line 337.
(pdftex.def)             Requested size: 334.60422pt x 249.25299pt.

[13 </home/gjeusel/projects/intelComp/energy-efficiency/Xvar_histograms_part1.p
ng> </home/gjeusel/projects/intelComp/energy-efficiency/Xvar_histograms_part2.p
ng>] [14 </home/gjeusel/projects/intelComp/energy-efficiency/Yvar_histograms.pn
g>]
*geometry* verbose mode - [ newgeometry ] result:
* driver: pdftex
* paper: a4paper
* layout: <same size as paper>
* layoutoffset:(h,v)=(0.0pt,0.0pt)
* modes: 
* h-part:(L,W,R)=(89.62709pt, 418.25368pt, 89.6271pt)
* v-part:(T,H,B)=(14.22636pt, 729.41383pt, 101.40665pt)
* \paperwidth=597.50787pt
* \paperheight=845.04684pt
* \textwidth=418.25368pt
* \textheight=729.41383pt
* \oddsidemargin=17.3571pt
* \evensidemargin=17.3571pt
* \topmargin=-96.64363pt
* \headheight=13.6pt
* \headsep=25.0pt
* \topskip=10.0pt
* \footskip=30.0pt
* \marginparwidth=65.0pt
* \marginparsep=11.0pt
* \columnsep=10.0pt
* \skip\footins=9.0pt plus 4.0pt minus 2.0pt
* \hoffset=0.0pt
* \voffset=0.0pt
* \mag=1000
* \@twocolumnfalse
* \@twosidefalse
* \@mparswitchfalse
* \@reversemarginfalse
* (1in=72.27pt=25.4mm, 1cm=28.453pt)


</home/gjeusel/projects/intelComp/energy-efficiency/Scatter_matrix.png, id=80, 
1524.1743pt x 919.2744pt>
File: /home/gjeusel/projects/intelComp/energy-efficiency/Scatter_matrix.png Gra
phic file (type png)

<use /home/gjeusel/projects/intelComp/energy-efficiency/Scatter_matrix.png>
Package pdftex.def Info: /home/gjeusel/projects/intelComp/energy-efficiency/Sca
tter_matrix.png used on input line 355.
(pdftex.def)             Requested size: 711.02997pt x 428.84685pt.

Overfull \hbox (10.59317pt too wide) in paragraph at lines 355--356
 [] 
 []


LaTeX Warning: Float too large for page by 23.7411pt on input line 359.

[15 </home/gjeusel/projects/intelComp/energy-efficiency/Scatter_matrix.png>]
</home/gjeusel/projects/intelComp/energy-efficiency/correlation_matrix.png, id=
85, 904.8204pt x 890.3664pt>
File: /home/gjeusel/projects/intelComp/energy-efficiency/correlation_matrix.png
 Graphic file (type png)

<use /home/gjeusel/projects/intelComp/energy-efficiency/correlation_matrix.png>
Package pdftex.def Info: /home/gjeusel/projects/intelComp/energy-efficiency/cor
relation_matrix.png used on input line 372.
(pdftex.def)             Requested size: 418.25368pt x 411.57063pt.
[16


 </home/gjeusel/projects/intelComp/energy-efficiency/correlation_matrix.png>]
</home/gjeusel/Downloads/classification-energie-building.jpg, id=90, 501.875pt 
x 221.82875pt>
File: /home/gjeusel/Downloads/classification-energie-building.jpg Graphic file 
(type jpg)

<use /home/gjeusel/Downloads/classification-energie-building.jpg>
Package pdftex.def Info: /home/gjeusel/Downloads/classification-energie-buildin
g.jpg used on input line 405.
(pdftex.def)             Requested size: 418.25368pt x 184.87599pt.
 [17 </home/gjeusel/Downloads/classification-energie-building.jpg>] (./assignme
nt_3.lot)
\tf@lot=\write4
\openout4 = `assignment_3.lot'.


(./assignment_3.lof)
\tf@lof=\write5
\openout5 = `assignment_3.lof'.

 [18] (./assignment_3.bbl
Overfull \hbox (51.26949pt too wide) in paragraph at lines 21--24
[]\T1/futs/m/n/10 A. Xi-fara A. Tsa-nas.  Energy ef-fi-ci-ency data set, 2012. 
 https://archive.ics.uci.edu/ml/datasets/Energy+efficiency. 
 []

) [19] (./assignment_3.aux) ) 
Here is how much of TeX's memory you used:
 5751 strings out of 493109
 89245 string characters out of 6117082
 249119 words of memory out of 5000000
 8988 multiletter control sequences out of 15000+600000
 92289 words of font info for 100 fonts, out of 8000000 for 9000
 1141 hyphenation exceptions out of 8191
 38i,11n,43p,340b,346s stack positions out of 5000i,500n,10000p,200000b,80000s
{/nix/store/ycxdns2l94h5nfczz2k60girzc4ikkxy-TeXLi
ve-linkdir/texmf-dist/fonts/enc/dvips/base/8r.enc}</nix/store/ycxdns2l94h5nfczz
2k60girzc4ikkxy-TeXLive-linkdir/texmf-dist/fonts/type1/public/fourier/fourier-m
ex.pfb></nix/store/ycxdns2l94h5nfczz2k60girzc4ikkxy-TeXLive-linkdir/texmf-dist/
fonts/type1/public/fourier/fourier-ml.pfb></nix/store/ycxdns2l94h5nfczz2k60girz
c4ikkxy-TeXLive-linkdir/texmf-dist/fonts/type1/public/fourier/fourier-mlit.pfb>
</nix/store/ycxdns2l94h5nfczz2k60girzc4ikkxy-TeXLive-linkdir/texmf-dist/fonts/t
ype1/public/fourier/fourier-ms.pfb></nix/store/ycxdns2l94h5nfczz2k60girzc4ikkxy
-TeXLive-linkdir/texmf-dist/fonts/type1/adobe/utopia/putb8a.pfb></nix/store/ycx
dns2l94h5nfczz2k60girzc4ikkxy-TeXLive-linkdir/texmf-dist/fonts/type1/adobe/utop
ia/putr8a.pfb></nix/store/ycxdns2l94h5nfczz2k60girzc4ikkxy-TeXLive-linkdir/texm
f-dist/fonts/type1/adobe/utopia/putri8a.pfb>
Output written on assignment_3.pdf (19 pages, 2086836 bytes).
PDF statistics:
 126 PDF objects out of 1000 (max. 8388607)
 67 compressed objects within 1 object stream
 0 named destinations out of 1000 (max. 500000)
 81 words of extra memory for PDF output out of 10000 (max. 10000000)

