This is pdfTeX, Version 3.14159265-2.6-1.40.17 (TeX Live 2016/NixOS.org) (preloaded format=pdflatex 2016.12.10)  11 DEC 2016 13:09
entering extended mode
 restricted \write18 enabled.
 %&-line parsing enabled.
**relatorio.tex
(./relatorio.tex
LaTeX2e <2016/03/31> patch level 1
Babel <3.9r> and hyphenation patterns for 86 language(s) loaded.

(/nix/store/8d1l9cqzp7ic6p2fnh8y9ap1gh419rqa-texlive-combined-full-2016/share/t
exmf/tex/latex/base/article.cls
Document Class: article 2014/09/29 v1.4h Standard LaTeX document class

(/nix/store/8d1l9cqzp7ic6p2fnh8y9ap1gh419rqa-texlive-combined-full-2016/share/t
exmf/tex/latex/base/size10.clo
File: size10.clo 2014/09/29 v1.4h Standard LaTeX file (size option)
)
\c@part=\count79
\c@section=\count80
\c@subsection=\count81
\c@subsubsection=\count82
\c@paragraph=\count83
\c@subparagraph=\count84
\c@figure=\count85
\c@table=\count86
\abovecaptionskip=\skip41
\belowcaptionskip=\skip42
\bibindent=\dimen102
)
(/nix/store/8d1l9cqzp7ic6p2fnh8y9ap1gh419rqa-texlive-combined-full-2016/share/t
exmf/tex/generic/babel/babel.sty
Package: babel 2016/04/23 3.9r The Babel package

(/nix/store/8d1l9cqzp7ic6p2fnh8y9ap1gh419rqa-texlive-combined-full-2016/share/t
exmf/tex/generic/babel-portuges/portuges.ldf
Language: portuges 2008/03/18 v1.2q Portuguese support from the babel system

(/nix/store/8d1l9cqzp7ic6p2fnh8y9ap1gh419rqa-texlive-combined-full-2016/share/t
exmf/tex/generic/babel/babel.def
File: babel.def 2016/04/23 3.9r Babel common definitions
\babel@savecnt=\count87
\U@D=\dimen103
)
\l@brazilian = a dialect from \language\l@portuges 
Package babel Info: Making " an active character on input line 145.
))
(/nix/store/8d1l9cqzp7ic6p2fnh8y9ap1gh419rqa-texlive-combined-full-2016/share/t
exmf/tex/latex/base/fontenc.sty
Package: fontenc 2005/09/27 v1.99g Standard LaTeX package

(/nix/store/8d1l9cqzp7ic6p2fnh8y9ap1gh419rqa-texlive-combined-full-2016/share/t
exmf/tex/latex/base/t1enc.def
File: t1enc.def 2005/09/27 v1.99g Standard LaTeX file
LaTeX Font Info:    Redeclaring font encoding T1 on input line 48.
))
(/nix/store/8d1l9cqzp7ic6p2fnh8y9ap1gh419rqa-texlive-combined-full-2016/share/t
exmf/tex/latex/base/inputenc.sty
Package: inputenc 2015/03/17 v1.2c Input encoding file
\inpenc@prehook=\toks14
\inpenc@posthook=\toks15

(/nix/store/8d1l9cqzp7ic6p2fnh8y9ap1gh419rqa-texlive-combined-full-2016/share/t
exmf/tex/latex/base/utf8.def
File: utf8.def 2016/02/28 v1.1s UTF-8 support for inputenc
Now handling font encoding OML ...
... no UTF-8 mapping file for font encoding OML
Now handling font encoding T1 ...
... processing UTF-8 mapping file for font encoding T1

(/nix/store/8d1l9cqzp7ic6p2fnh8y9ap1gh419rqa-texlive-combined-full-2016/share/t
exmf/tex/latex/base/t1enc.dfu
File: t1enc.dfu 2016/02/28 v1.1s UTF-8 support for inputenc
   defining Unicode char U+00A0 (decimal 160)
   defining Unicode char U+00A1 (decimal 161)
   defining Unicode char U+00A3 (decimal 163)
   defining Unicode char U+00AB (decimal 171)
   defining Unicode char U+00AD (decimal 173)
   defining Unicode char U+00BB (decimal 187)
   defining Unicode char U+00BF (decimal 191)
   defining Unicode char U+00C0 (decimal 192)
   defining Unicode char U+00C1 (decimal 193)
   defining Unicode char U+00C2 (decimal 194)
   defining Unicode char U+00C3 (decimal 195)
   defining Unicode char U+00C4 (decimal 196)
   defining Unicode char U+00C5 (decimal 197)
   defining Unicode char U+00C6 (decimal 198)
   defining Unicode char U+00C7 (decimal 199)
   defining Unicode char U+00C8 (decimal 200)
   defining Unicode char U+00C9 (decimal 201)
   defining Unicode char U+00CA (decimal 202)
   defining Unicode char U+00CB (decimal 203)
   defining Unicode char U+00CC (decimal 204)
   defining Unicode char U+00CD (decimal 205)
   defining Unicode char U+00CE (decimal 206)
   defining Unicode char U+00CF (decimal 207)
   defining Unicode char U+00D0 (decimal 208)
   defining Unicode char U+00D1 (decimal 209)
   defining Unicode char U+00D2 (decimal 210)
   defining Unicode char U+00D3 (decimal 211)
   defining Unicode char U+00D4 (decimal 212)
   defining Unicode char U+00D5 (decimal 213)
   defining Unicode char U+00D6 (decimal 214)
   defining Unicode char U+00D8 (decimal 216)
   defining Unicode char U+00D9 (decimal 217)
   defining Unicode char U+00DA (decimal 218)
   defining Unicode char U+00DB (decimal 219)
   defining Unicode char U+00DC (decimal 220)
   defining Unicode char U+00DD (decimal 221)
   defining Unicode char U+00DE (decimal 222)
   defining Unicode char U+00DF (decimal 223)
   defining Unicode char U+00E0 (decimal 224)
   defining Unicode char U+00E1 (decimal 225)
   defining Unicode char U+00E2 (decimal 226)
   defining Unicode char U+00E3 (decimal 227)
   defining Unicode char U+00E4 (decimal 228)
   defining Unicode char U+00E5 (decimal 229)
   defining Unicode char U+00E6 (decimal 230)
   defining Unicode char U+00E7 (decimal 231)
   defining Unicode char U+00E8 (decimal 232)
   defining Unicode char U+00E9 (decimal 233)
   defining Unicode char U+00EA (decimal 234)
   defining Unicode char U+00EB (decimal 235)
   defining Unicode char U+00EC (decimal 236)
   defining Unicode char U+00ED (decimal 237)
   defining Unicode char U+00EE (decimal 238)
   defining Unicode char U+00EF (decimal 239)
   defining Unicode char U+00F0 (decimal 240)
   defining Unicode char U+00F1 (decimal 241)
   defining Unicode char U+00F2 (decimal 242)
   defining Unicode char U+00F3 (decimal 243)
   defining Unicode char U+00F4 (decimal 244)
   defining Unicode char U+00F5 (decimal 245)
   defining Unicode char U+00F6 (decimal 246)
   defining Unicode char U+00F8 (decimal 248)
   defining Unicode char U+00F9 (decimal 249)
   defining Unicode char U+00FA (decimal 250)
   defining Unicode char U+00FB (decimal 251)
   defining Unicode char U+00FC (decimal 252)
   defining Unicode char U+00FD (decimal 253)
   defining Unicode char U+00FE (decimal 254)
   defining Unicode char U+00FF (decimal 255)
   defining Unicode char U+0100 (decimal 256)
   defining Unicode char U+0101 (decimal 257)
   defining Unicode char U+0102 (decimal 258)
   defining Unicode char U+0103 (decimal 259)
   defining Unicode char U+0104 (decimal 260)
   defining Unicode char U+0105 (decimal 261)
   defining Unicode char U+0106 (decimal 262)
   defining Unicode char U+0107 (decimal 263)
   defining Unicode char U+0108 (decimal 264)
   defining Unicode char U+0109 (decimal 265)
   defining Unicode char U+010A (decimal 266)
   defining Unicode char U+010B (decimal 267)
   defining Unicode char U+010C (decimal 268)
   defining Unicode char U+010D (decimal 269)
   defining Unicode char U+010E (decimal 270)
   defining Unicode char U+010F (decimal 271)
   defining Unicode char U+0110 (decimal 272)
   defining Unicode char U+0111 (decimal 273)
   defining Unicode char U+0112 (decimal 274)
   defining Unicode char U+0113 (decimal 275)
   defining Unicode char U+0114 (decimal 276)
   defining Unicode char U+0115 (decimal 277)
   defining Unicode char U+0116 (decimal 278)
   defining Unicode char U+0117 (decimal 279)
   defining Unicode char U+0118 (decimal 280)
   defining Unicode char U+0119 (decimal 281)
   defining Unicode char U+011A (decimal 282)
   defining Unicode char U+011B (decimal 283)
   defining Unicode char U+011C (decimal 284)
   defining Unicode char U+011D (decimal 285)
   defining Unicode char U+011E (decimal 286)
   defining Unicode char U+011F (decimal 287)
   defining Unicode char U+0120 (decimal 288)
   defining Unicode char U+0121 (decimal 289)
   defining Unicode char U+0122 (decimal 290)
   defining Unicode char U+0123 (decimal 291)
   defining Unicode char U+0124 (decimal 292)
   defining Unicode char U+0125 (decimal 293)
   defining Unicode char U+0128 (decimal 296)
   defining Unicode char U+0129 (decimal 297)
   defining Unicode char U+012A (decimal 298)
   defining Unicode char U+012B (decimal 299)
   defining Unicode char U+012C (decimal 300)
   defining Unicode char U+012D (decimal 301)
   defining Unicode char U+012E (decimal 302)
   defining Unicode char U+012F (decimal 303)
   defining Unicode char U+0130 (decimal 304)
   defining Unicode char U+0131 (decimal 305)
   defining Unicode char U+0132 (decimal 306)
   defining Unicode char U+0133 (decimal 307)
   defining Unicode char U+0134 (decimal 308)
   defining Unicode char U+0135 (decimal 309)
   defining Unicode char U+0136 (decimal 310)
   defining Unicode char U+0137 (decimal 311)
   defining Unicode char U+0139 (decimal 313)
   defining Unicode char U+013A (decimal 314)
   defining Unicode char U+013B (decimal 315)
   defining Unicode char U+013C (decimal 316)
   defining Unicode char U+013D (decimal 317)
   defining Unicode char U+013E (decimal 318)
   defining Unicode char U+0141 (decimal 321)
   defining Unicode char U+0142 (decimal 322)
   defining Unicode char U+0143 (decimal 323)
   defining Unicode char U+0144 (decimal 324)
   defining Unicode char U+0145 (decimal 325)
   defining Unicode char U+0146 (decimal 326)
   defining Unicode char U+0147 (decimal 327)
   defining Unicode char U+0148 (decimal 328)
   defining Unicode char U+014A (decimal 330)
   defining Unicode char U+014B (decimal 331)
   defining Unicode char U+014C (decimal 332)
   defining Unicode char U+014D (decimal 333)
   defining Unicode char U+014E (decimal 334)
   defining Unicode char U+014F (decimal 335)
   defining Unicode char U+0150 (decimal 336)
   defining Unicode char U+0151 (decimal 337)
   defining Unicode char U+0152 (decimal 338)
   defining Unicode char U+0153 (decimal 339)
   defining Unicode char U+0154 (decimal 340)
   defining Unicode char U+0155 (decimal 341)
   defining Unicode char U+0156 (decimal 342)
   defining Unicode char U+0157 (decimal 343)
   defining Unicode char U+0158 (decimal 344)
   defining Unicode char U+0159 (decimal 345)
   defining Unicode char U+015A (decimal 346)
   defining Unicode char U+015B (decimal 347)
   defining Unicode char U+015C (decimal 348)
   defining Unicode char U+015D (decimal 349)
   defining Unicode char U+015E (decimal 350)
   defining Unicode char U+015F (decimal 351)
   defining Unicode char U+0160 (decimal 352)
   defining Unicode char U+0161 (decimal 353)
   defining Unicode char U+0162 (decimal 354)
   defining Unicode char U+0163 (decimal 355)
   defining Unicode char U+0164 (decimal 356)
   defining Unicode char U+0165 (decimal 357)
   defining Unicode char U+0168 (decimal 360)
   defining Unicode char U+0169 (decimal 361)
   defining Unicode char U+016A (decimal 362)
   defining Unicode char U+016B (decimal 363)
   defining Unicode char U+016C (decimal 364)
   defining Unicode char U+016D (decimal 365)
   defining Unicode char U+016E (decimal 366)
   defining Unicode char U+016F (decimal 367)
   defining Unicode char U+0170 (decimal 368)
   defining Unicode char U+0171 (decimal 369)
   defining Unicode char U+0172 (decimal 370)
   defining Unicode char U+0173 (decimal 371)
   defining Unicode char U+0174 (decimal 372)
   defining Unicode char U+0175 (decimal 373)
   defining Unicode char U+0176 (decimal 374)
   defining Unicode char U+0177 (decimal 375)
   defining Unicode char U+0178 (decimal 376)
   defining Unicode char U+0179 (decimal 377)
   defining Unicode char U+017A (decimal 378)
   defining Unicode char U+017B (decimal 379)
   defining Unicode char U+017C (decimal 380)
   defining Unicode char U+017D (decimal 381)
   defining Unicode char U+017E (decimal 382)
   defining Unicode char U+01CD (decimal 461)
   defining Unicode char U+01CE (decimal 462)
   defining Unicode char U+01CF (decimal 463)
   defining Unicode char U+01D0 (decimal 464)
   defining Unicode char U+01D1 (decimal 465)
   defining Unicode char U+01D2 (decimal 466)
   defining Unicode char U+01D3 (decimal 467)
   defining Unicode char U+01D4 (decimal 468)
   defining Unicode char U+01E2 (decimal 482)
   defining Unicode char U+01E3 (decimal 483)
   defining Unicode char U+01E6 (decimal 486)
   defining Unicode char U+01E7 (decimal 487)
   defining Unicode char U+01E8 (decimal 488)
   defining Unicode char U+01E9 (decimal 489)
   defining Unicode char U+01EA (decimal 490)
   defining Unicode char U+01EB (decimal 491)
   defining Unicode char U+01F0 (decimal 496)
   defining Unicode char U+01F4 (decimal 500)
   defining Unicode char U+01F5 (decimal 501)
   defining Unicode char U+0218 (decimal 536)
   defining Unicode char U+0219 (decimal 537)
   defining Unicode char U+021A (decimal 538)
   defining Unicode char U+021B (decimal 539)
   defining Unicode char U+1E02 (decimal 7682)
   defining Unicode char U+1E03 (decimal 7683)
   defining Unicode char U+200C (decimal 8204)
   defining Unicode char U+2010 (decimal 8208)
   defining Unicode char U+2011 (decimal 8209)
   defining Unicode char U+2012 (decimal 8210)
   defining Unicode char U+2013 (decimal 8211)
   defining Unicode char U+2014 (decimal 8212)
   defining Unicode char U+2015 (decimal 8213)
   defining Unicode char U+2018 (decimal 8216)
   defining Unicode char U+2019 (decimal 8217)
   defining Unicode char U+201A (decimal 8218)
   defining Unicode char U+201C (decimal 8220)
   defining Unicode char U+201D (decimal 8221)
   defining Unicode char U+201E (decimal 8222)
   defining Unicode char U+2030 (decimal 8240)
   defining Unicode char U+2031 (decimal 8241)
   defining Unicode char U+2039 (decimal 8249)
   defining Unicode char U+203A (decimal 8250)
   defining Unicode char U+2423 (decimal 9251)
)
Now handling font encoding OT1 ...
... processing UTF-8 mapping file for font encoding OT1

(/nix/store/8d1l9cqzp7ic6p2fnh8y9ap1gh419rqa-texlive-combined-full-2016/share/t
exmf/tex/latex/base/ot1enc.dfu
File: ot1enc.dfu 2016/02/28 v1.1s UTF-8 support for inputenc
   defining Unicode char U+00A0 (decimal 160)
   defining Unicode char U+00A1 (decimal 161)
   defining Unicode char U+00A3 (decimal 163)
   defining Unicode char U+00AD (decimal 173)
   defining Unicode char U+00B8 (decimal 184)
   defining Unicode char U+00BF (decimal 191)
   defining Unicode char U+00C5 (decimal 197)
   defining Unicode char U+00C6 (decimal 198)
   defining Unicode char U+00D8 (decimal 216)
   defining Unicode char U+00DF (decimal 223)
   defining Unicode char U+00E6 (decimal 230)
   defining Unicode char U+00EC (decimal 236)
   defining Unicode char U+00ED (decimal 237)
   defining Unicode char U+00EE (decimal 238)
   defining Unicode char U+00EF (decimal 239)
   defining Unicode char U+00F8 (decimal 248)
   defining Unicode char U+0131 (decimal 305)
   defining Unicode char U+0141 (decimal 321)
   defining Unicode char U+0142 (decimal 322)
   defining Unicode char U+0152 (decimal 338)
   defining Unicode char U+0153 (decimal 339)
   defining Unicode char U+0174 (decimal 372)
   defining Unicode char U+0175 (decimal 373)
   defining Unicode char U+0176 (decimal 374)
   defining Unicode char U+0177 (decimal 375)
   defining Unicode char U+0218 (decimal 536)
   defining Unicode char U+0219 (decimal 537)
   defining Unicode char U+021A (decimal 538)
   defining Unicode char U+021B (decimal 539)
   defining Unicode char U+2013 (decimal 8211)
   defining Unicode char U+2014 (decimal 8212)
   defining Unicode char U+2018 (decimal 8216)
   defining Unicode char U+2019 (decimal 8217)
   defining Unicode char U+201C (decimal 8220)
   defining Unicode char U+201D (decimal 8221)
)
Now handling font encoding OMS ...
... processing UTF-8 mapping file for font encoding OMS

(/nix/store/8d1l9cqzp7ic6p2fnh8y9ap1gh419rqa-texlive-combined-full-2016/share/t
exmf/tex/latex/base/omsenc.dfu
File: omsenc.dfu 2016/02/28 v1.1s UTF-8 support for inputenc
   defining Unicode char U+00A7 (decimal 167)
   defining Unicode char U+00B6 (decimal 182)
   defining Unicode char U+00B7 (decimal 183)
   defining Unicode char U+2020 (decimal 8224)
   defining Unicode char U+2021 (decimal 8225)
   defining Unicode char U+2022 (decimal 8226)
)
Now handling font encoding OMX ...
... no UTF-8 mapping file for font encoding OMX
Now handling font encoding U ...
... no UTF-8 mapping file for font encoding U
   defining Unicode char U+00A9 (decimal 169)
   defining Unicode char U+00AA (decimal 170)
   defining Unicode char U+00AE (decimal 174)
   defining Unicode char U+00BA (decimal 186)
   defining Unicode char U+02C6 (decimal 710)
   defining Unicode char U+02DC (decimal 732)
   defining Unicode char U+200C (decimal 8204)
   defining Unicode char U+2026 (decimal 8230)
   defining Unicode char U+2122 (decimal 8482)
   defining Unicode char U+2423 (decimal 9251)
))
(/nix/store/8d1l9cqzp7ic6p2fnh8y9ap1gh419rqa-texlive-combined-full-2016/share/t
exmf/tex/latex/graphics/graphicx.sty
Package: graphicx 2014/10/28 v1.0g Enhanced LaTeX Graphics (DPC,SPQR)

(/nix/store/8d1l9cqzp7ic6p2fnh8y9ap1gh419rqa-texlive-combined-full-2016/share/t
exmf/tex/latex/graphics/keyval.sty
Package: keyval 2014/10/28 v1.15 key=value parser (DPC)
\KV@toks@=\toks16
)
(/nix/store/8d1l9cqzp7ic6p2fnh8y9ap1gh419rqa-texlive-combined-full-2016/share/t
exmf/tex/latex/graphics/graphics.sty
Package: graphics 2016/06/02 v1.0s Standard LaTeX Graphics (DPC,SPQR)

(/nix/store/8d1l9cqzp7ic6p2fnh8y9ap1gh419rqa-texlive-combined-full-2016/share/t
exmf/tex/latex/graphics/trig.sty
Package: trig 2016/01/03 v1.10 sin cos tan (DPC)
)
(/nix/store/8d1l9cqzp7ic6p2fnh8y9ap1gh419rqa-texlive-combined-full-2016/share/t
exmf/tex/latex/graphics-cfg/graphics.cfg
File: graphics.cfg 2016/06/04 v1.11 sample graphics configuration
)
Package graphics Info: Driver file: pdftex.def on input line 99.

(/nix/store/8d1l9cqzp7ic6p2fnh8y9ap1gh419rqa-texlive-combined-full-2016/share/t
exmf/tex/latex/pdftex-def/pdftex.def
File: pdftex.def 2016/06/17 v0.06h Graphics/color for pdfTeX

(/nix/store/8d1l9cqzp7ic6p2fnh8y9ap1gh419rqa-texlive-combined-full-2016/share/t
exmf/tex/generic/oberdiek/infwarerr.sty
Package: infwarerr 2016/05/16 v1.4 Providing info/warning/error messages (HO)
)
(/nix/store/8d1l9cqzp7ic6p2fnh8y9ap1gh419rqa-texlive-combined-full-2016/share/t
exmf/tex/generic/oberdiek/ltxcmds.sty
Package: ltxcmds 2016/05/16 v1.23 LaTeX kernel commands for general use (HO)
)
\Gread@gobject=\count88
))
\Gin@req@height=\dimen104
\Gin@req@width=\dimen105
)
(/nix/store/8d1l9cqzp7ic6p2fnh8y9ap1gh419rqa-texlive-combined-full-2016/share/t
exmf/tex/latex/fourier/fourier.sty
Package: fourier 2005/01/01 1.4 fourier-GUTenberg package
Now handling font encoding FML ...
... no UTF-8 mapping file for font encoding FML
Now handling font encoding FMS ...
... no UTF-8 mapping file for font encoding FMS
Now handling font encoding FMX ...
... no UTF-8 mapping file for font encoding FMX

(/nix/store/8d1l9cqzp7ic6p2fnh8y9ap1gh419rqa-texlive-combined-full-2016/share/t
exmf/tex/latex/base/fontenc.sty
Package: fontenc 2005/09/27 v1.99g Standard LaTeX package

(/nix/store/8d1l9cqzp7ic6p2fnh8y9ap1gh419rqa-texlive-combined-full-2016/share/t
exmf/tex/latex/base/t1enc.def
File: t1enc.def 2005/09/27 v1.99g Standard LaTeX file
LaTeX Font Info:    Redeclaring font encoding T1 on input line 48.
))
(/nix/store/8d1l9cqzp7ic6p2fnh8y9ap1gh419rqa-texlive-combined-full-2016/share/t
exmf/tex/latex/base/textcomp.sty
Package: textcomp 2005/09/27 v1.99g Standard LaTeX package
Package textcomp Info: Sub-encoding information:
(textcomp)               5 = only ISO-Adobe without \textcurrency
(textcomp)               4 = 5 + \texteuro
(textcomp)               3 = 4 + \textohm
(textcomp)               2 = 3 + \textestimated + \textcurrency
(textcomp)               1 = TS1 - \textcircled - \t
(textcomp)               0 = TS1 (full)
(textcomp)             Font families with sub-encoding setting implement
(textcomp)             only a restricted character set as indicated.
(textcomp)             Family '?' is the default used for unknown fonts.
(textcomp)             See the documentation for details.
Package textcomp Info: Setting ? sub-encoding to TS1/1 on input line 79.

(/nix/store/8d1l9cqzp7ic6p2fnh8y9ap1gh419rqa-texlive-combined-full-2016/share/t
exmf/tex/latex/base/ts1enc.def
File: ts1enc.def 2001/06/05 v3.0e (jk/car/fm) Standard LaTeX file
Now handling font encoding TS1 ...
... processing UTF-8 mapping file for font encoding TS1

(/nix/store/8d1l9cqzp7ic6p2fnh8y9ap1gh419rqa-texlive-combined-full-2016/share/t
exmf/tex/latex/base/ts1enc.dfu
File: ts1enc.dfu 2016/02/28 v1.1s UTF-8 support for inputenc
   defining Unicode char U+00A2 (decimal 162)
   defining Unicode char U+00A3 (decimal 163)
   defining Unicode char U+00A4 (decimal 164)
   defining Unicode char U+00A5 (decimal 165)
   defining Unicode char U+00A6 (decimal 166)
   defining Unicode char U+00A7 (decimal 167)
   defining Unicode char U+00A8 (decimal 168)
   defining Unicode char U+00A9 (decimal 169)
   defining Unicode char U+00AA (decimal 170)
   defining Unicode char U+00AC (decimal 172)
   defining Unicode char U+00AE (decimal 174)
   defining Unicode char U+00AF (decimal 175)
   defining Unicode char U+00B0 (decimal 176)
   defining Unicode char U+00B1 (decimal 177)
   defining Unicode char U+00B2 (decimal 178)
   defining Unicode char U+00B3 (decimal 179)
   defining Unicode char U+00B4 (decimal 180)
   defining Unicode char U+00B5 (decimal 181)
   defining Unicode char U+00B6 (decimal 182)
   defining Unicode char U+00B7 (decimal 183)
   defining Unicode char U+00B9 (decimal 185)
   defining Unicode char U+00BA (decimal 186)
   defining Unicode char U+00BC (decimal 188)
   defining Unicode char U+00BD (decimal 189)
   defining Unicode char U+00BE (decimal 190)
   defining Unicode char U+00D7 (decimal 215)
   defining Unicode char U+00F7 (decimal 247)
   defining Unicode char U+0192 (decimal 402)
   defining Unicode char U+02C7 (decimal 711)
   defining Unicode char U+02D8 (decimal 728)
   defining Unicode char U+02DD (decimal 733)
   defining Unicode char U+0E3F (decimal 3647)
   defining Unicode char U+2016 (decimal 8214)
   defining Unicode char U+2020 (decimal 8224)
   defining Unicode char U+2021 (decimal 8225)
   defining Unicode char U+2022 (decimal 8226)
   defining Unicode char U+2030 (decimal 8240)
   defining Unicode char U+2031 (decimal 8241)
   defining Unicode char U+203B (decimal 8251)
   defining Unicode char U+203D (decimal 8253)
   defining Unicode char U+2044 (decimal 8260)
   defining Unicode char U+204E (decimal 8270)
   defining Unicode char U+2052 (decimal 8274)
   defining Unicode char U+20A1 (decimal 8353)
   defining Unicode char U+20A4 (decimal 8356)
   defining Unicode char U+20A6 (decimal 8358)
   defining Unicode char U+20A9 (decimal 8361)
   defining Unicode char U+20AB (decimal 8363)
   defining Unicode char U+20AC (decimal 8364)
   defining Unicode char U+20B1 (decimal 8369)
   defining Unicode char U+2103 (decimal 8451)
   defining Unicode char U+2116 (decimal 8470)
   defining Unicode char U+2117 (decimal 8471)
   defining Unicode char U+211E (decimal 8478)
   defining Unicode char U+2120 (decimal 8480)
   defining Unicode char U+2122 (decimal 8482)
   defining Unicode char U+2126 (decimal 8486)
   defining Unicode char U+2127 (decimal 8487)
   defining Unicode char U+212E (decimal 8494)
   defining Unicode char U+2190 (decimal 8592)
   defining Unicode char U+2191 (decimal 8593)
   defining Unicode char U+2192 (decimal 8594)
   defining Unicode char U+2193 (decimal 8595)
   defining Unicode char U+2329 (decimal 9001)
   defining Unicode char U+232A (decimal 9002)
   defining Unicode char U+2422 (decimal 9250)
   defining Unicode char U+25E6 (decimal 9702)
   defining Unicode char U+25EF (decimal 9711)
   defining Unicode char U+266A (decimal 9834)
))
LaTeX Info: Redefining \oldstylenums on input line 334.
Package textcomp Info: Setting cmr sub-encoding to TS1/0 on input line 349.
Package textcomp Info: Setting cmss sub-encoding to TS1/0 on input line 350.
Package textcomp Info: Setting cmtt sub-encoding to TS1/0 on input line 351.
Package textcomp Info: Setting cmvtt sub-encoding to TS1/0 on input line 352.
Package textcomp Info: Setting cmbr sub-encoding to TS1/0 on input line 353.
Package textcomp Info: Setting cmtl sub-encoding to TS1/0 on input line 354.
Package textcomp Info: Setting ccr sub-encoding to TS1/0 on input line 355.
Package textcomp Info: Setting ptm sub-encoding to TS1/4 on input line 356.
Package textcomp Info: Setting pcr sub-encoding to TS1/4 on input line 357.
Package textcomp Info: Setting phv sub-encoding to TS1/4 on input line 358.
Package textcomp Info: Setting ppl sub-encoding to TS1/3 on input line 359.
Package textcomp Info: Setting pag sub-encoding to TS1/4 on input line 360.
Package textcomp Info: Setting pbk sub-encoding to TS1/4 on input line 361.
Package textcomp Info: Setting pnc sub-encoding to TS1/4 on input line 362.
Package textcomp Info: Setting pzc sub-encoding to TS1/4 on input line 363.
Package textcomp Info: Setting bch sub-encoding to TS1/4 on input line 364.
Package textcomp Info: Setting put sub-encoding to TS1/5 on input line 365.
Package textcomp Info: Setting uag sub-encoding to TS1/5 on input line 366.
Package textcomp Info: Setting ugq sub-encoding to TS1/5 on input line 367.
Package textcomp Info: Setting ul8 sub-encoding to TS1/4 on input line 368.
Package textcomp Info: Setting ul9 sub-encoding to TS1/4 on input line 369.
Package textcomp Info: Setting augie sub-encoding to TS1/5 on input line 370.
Package textcomp Info: Setting dayrom sub-encoding to TS1/3 on input line 371.
Package textcomp Info: Setting dayroms sub-encoding to TS1/3 on input line 372.

Package textcomp Info: Setting pxr sub-encoding to TS1/0 on input line 373.
Package textcomp Info: Setting pxss sub-encoding to TS1/0 on input line 374.
Package textcomp Info: Setting pxtt sub-encoding to TS1/0 on input line 375.
Package textcomp Info: Setting txr sub-encoding to TS1/0 on input line 376.
Package textcomp Info: Setting txss sub-encoding to TS1/0 on input line 377.
Package textcomp Info: Setting txtt sub-encoding to TS1/0 on input line 378.
Package textcomp Info: Setting lmr sub-encoding to TS1/0 on input line 379.
Package textcomp Info: Setting lmdh sub-encoding to TS1/0 on input line 380.
Package textcomp Info: Setting lmss sub-encoding to TS1/0 on input line 381.
Package textcomp Info: Setting lmssq sub-encoding to TS1/0 on input line 382.
Package textcomp Info: Setting lmvtt sub-encoding to TS1/0 on input line 383.
Package textcomp Info: Setting lmtt sub-encoding to TS1/0 on input line 384.
Package textcomp Info: Setting qhv sub-encoding to TS1/0 on input line 385.
Package textcomp Info: Setting qag sub-encoding to TS1/0 on input line 386.
Package textcomp Info: Setting qbk sub-encoding to TS1/0 on input line 387.
Package textcomp Info: Setting qcr sub-encoding to TS1/0 on input line 388.
Package textcomp Info: Setting qcs sub-encoding to TS1/0 on input line 389.
Package textcomp Info: Setting qpl sub-encoding to TS1/0 on input line 390.
Package textcomp Info: Setting qtm sub-encoding to TS1/0 on input line 391.
Package textcomp Info: Setting qzc sub-encoding to TS1/0 on input line 392.
Package textcomp Info: Setting qhvc sub-encoding to TS1/0 on input line 393.
Package textcomp Info: Setting futs sub-encoding to TS1/4 on input line 394.
Package textcomp Info: Setting futx sub-encoding to TS1/4 on input line 395.
Package textcomp Info: Setting futj sub-encoding to TS1/4 on input line 396.
Package textcomp Info: Setting hlh sub-encoding to TS1/3 on input line 397.
Package textcomp Info: Setting hls sub-encoding to TS1/3 on input line 398.
Package textcomp Info: Setting hlst sub-encoding to TS1/3 on input line 399.
Package textcomp Info: Setting hlct sub-encoding to TS1/5 on input line 400.
Package textcomp Info: Setting hlx sub-encoding to TS1/5 on input line 401.
Package textcomp Info: Setting hlce sub-encoding to TS1/5 on input line 402.
Package textcomp Info: Setting hlcn sub-encoding to TS1/5 on input line 403.
Package textcomp Info: Setting hlcw sub-encoding to TS1/5 on input line 404.
Package textcomp Info: Setting hlcf sub-encoding to TS1/5 on input line 405.
Package textcomp Info: Setting pplx sub-encoding to TS1/3 on input line 406.
Package textcomp Info: Setting pplj sub-encoding to TS1/3 on input line 407.
Package textcomp Info: Setting ptmx sub-encoding to TS1/4 on input line 408.
Package textcomp Info: Setting ptmj sub-encoding to TS1/4 on input line 409.
)
(/nix/store/8d1l9cqzp7ic6p2fnh8y9ap1gh419rqa-texlive-combined-full-2016/share/t
exmf/tex/latex/fourier/fourier-orns.sty
Package: fourier-orns 2004/01/30 1.1 fourier-ornaments package
)
LaTeX Font Info:    Redeclaring symbol font `operators' on input line 50.
LaTeX Font Info:    Encoding `OT1' has changed to `T1' for symbol font
(Font)              `operators' in the math version `normal' on input line 50.
LaTeX Font Info:    Overwriting symbol font `operators' in version `normal'
(Font)                  OT1/cmr/m/n --> T1/futs/m/n on input line 50.
LaTeX Font Info:    Encoding `OT1' has changed to `T1' for symbol font
(Font)              `operators' in the math version `bold' on input line 50.
LaTeX Font Info:    Overwriting symbol font `operators' in version `bold'
(Font)                  OT1/cmr/bx/n --> T1/futs/m/n on input line 50.
LaTeX Font Info:    Overwriting symbol font `operators' in version `bold'
(Font)                  T1/futs/m/n --> T1/futs/b/n on input line 51.
LaTeX Font Info:    Redeclaring symbol font `letters' on input line 59.
LaTeX Font Info:    Encoding `OML' has changed to `FML' for symbol font
(Font)              `letters' in the math version `normal' on input line 59.
LaTeX Font Info:    Overwriting symbol font `letters' in version `normal'
(Font)                  OML/cmm/m/it --> FML/futmi/m/it on input line 59.
LaTeX Font Info:    Encoding `OML' has changed to `FML' for symbol font
(Font)              `letters' in the math version `bold' on input line 59.
LaTeX Font Info:    Overwriting symbol font `letters' in version `bold'
(Font)                  OML/cmm/b/it --> FML/futmi/m/it on input line 59.
\symotherletters=\mathgroup4
LaTeX Font Info:    Overwriting symbol font `letters' in version `bold'
(Font)                  FML/futmi/m/it --> FML/futmi/b/it on input line 61.
LaTeX Font Info:    Overwriting symbol font `otherletters' in version `bold'
(Font)                  FML/futm/m/it --> FML/futm/b/it on input line 62.
LaTeX Font Info:    Redeclaring math symbol \Gamma on input line 63.
LaTeX Font Info:    Redeclaring math symbol \Delta on input line 64.
LaTeX Font Info:    Redeclaring math symbol \Theta on input line 65.
LaTeX Font Info:    Redeclaring math symbol \Lambda on input line 66.
LaTeX Font Info:    Redeclaring math symbol \Xi on input line 67.
LaTeX Font Info:    Redeclaring math symbol \Pi on input line 68.
LaTeX Font Info:    Redeclaring math symbol \Sigma on input line 69.
LaTeX Font Info:    Redeclaring math symbol \Upsilon on input line 70.
LaTeX Font Info:    Redeclaring math symbol \Phi on input line 71.
LaTeX Font Info:    Redeclaring math symbol \Psi on input line 72.
LaTeX Font Info:    Redeclaring math symbol \Omega on input line 73.
LaTeX Font Info:    Redeclaring symbol font `symbols' on input line 113.
LaTeX Font Info:    Encoding `OMS' has changed to `FMS' for symbol font
(Font)              `symbols' in the math version `normal' on input line 113.
LaTeX Font Info:    Overwriting symbol font `symbols' in version `normal'
(Font)                  OMS/cmsy/m/n --> FMS/futm/m/n on input line 113.
LaTeX Font Info:    Encoding `OMS' has changed to `FMS' for symbol font
(Font)              `symbols' in the math version `bold' on input line 113.
LaTeX Font Info:    Overwriting symbol font `symbols' in version `bold'
(Font)                  OMS/cmsy/b/n --> FMS/futm/m/n on input line 113.
LaTeX Font Info:    Redeclaring symbol font `largesymbols' on input line 114.
LaTeX Font Info:    Encoding `OMX' has changed to `FMX' for symbol font
(Font)              `largesymbols' in the math version `normal' on input line 1
14.
LaTeX Font Info:    Overwriting symbol font `largesymbols' in version `normal'
(Font)                  OMX/cmex/m/n --> FMX/futm/m/n on input line 114.
LaTeX Font Info:    Encoding `OMX' has changed to `FMX' for symbol font
(Font)              `largesymbols' in the math version `bold' on input line 114
.
LaTeX Font Info:    Overwriting symbol font `largesymbols' in version `bold'
(Font)                  OMX/cmex/m/n --> FMX/futm/m/n on input line 114.
LaTeX Font Info:    Redeclaring math alphabet \mathbf on input line 115.
LaTeX Font Info:    Overwriting math alphabet `\mathbf' in version `normal'
(Font)                  OT1/cmr/bx/n --> T1/futs/bx/n on input line 115.
LaTeX Font Info:    Overwriting math alphabet `\mathbf' in version `bold'
(Font)                  OT1/cmr/bx/n --> T1/futs/bx/n on input line 115.
LaTeX Font Info:    Redeclaring math alphabet \mathrm on input line 116.
LaTeX Font Info:    Redeclaring math alphabet \mathit on input line 117.
LaTeX Font Info:    Overwriting math alphabet `\mathit' in version `normal'
(Font)                  OT1/cmr/m/it --> T1/futs/m/it on input line 117.
LaTeX Font Info:    Overwriting math alphabet `\mathit' in version `bold'
(Font)                  OT1/cmr/bx/it --> T1/futs/m/it on input line 117.
LaTeX Font Info:    Redeclaring math alphabet \mathcal on input line 118.
LaTeX Font Info:    Redeclaring math symbol \parallel on input line 134.
LaTeX Font Info:    Redeclaring math symbol \hbar on input line 148.
LaTeX Font Info:    Redeclaring math symbol \varkappa on input line 186.
LaTeX Font Info:    Redeclaring math symbol \varvarrho on input line 187.
LaTeX Font Info:    Redeclaring math delimiter \Vert on input line 210.
LaTeX Font Info:    Redeclaring math delimiter \vert on input line 215.
LaTeX Font Info:    Redeclaring math delimiter \Downarrow on input line 225.
LaTeX Font Info:    Redeclaring math delimiter \backslash on input line 227.
LaTeX Font Info:    Redeclaring math delimiter \rangle on input line 229.
LaTeX Font Info:    Redeclaring math delimiter \langle on input line 231.
LaTeX Font Info:    Redeclaring math delimiter \rbrace on input line 233.
LaTeX Font Info:    Redeclaring math delimiter \lbrace on input line 235.
LaTeX Font Info:    Redeclaring math delimiter \rceil on input line 237.
LaTeX Font Info:    Redeclaring math delimiter \lceil on input line 239.
LaTeX Font Info:    Redeclaring math delimiter \rfloor on input line 241.
LaTeX Font Info:    Redeclaring math delimiter \lfloor on input line 243.
LaTeX Font Info:    Redeclaring math accent \acute on input line 247.
LaTeX Font Info:    Redeclaring math accent \grave on input line 248.
LaTeX Font Info:    Redeclaring math accent \ddot on input line 249.
LaTeX Font Info:    Redeclaring math accent \tilde on input line 250.
LaTeX Font Info:    Redeclaring math accent \bar on input line 251.
LaTeX Font Info:    Redeclaring math accent \breve on input line 252.
LaTeX Font Info:    Redeclaring math accent \check on input line 253.
LaTeX Font Info:    Redeclaring math accent \hat on input line 254.
LaTeX Font Info:    Redeclaring math accent \dot on input line 255.
LaTeX Font Info:    Redeclaring math accent \mathring on input line 256.
\symUfutm=\mathgroup5
)
(/nix/store/8d1l9cqzp7ic6p2fnh8y9ap1gh419rqa-texlive-combined-full-2016/share/t
exmf/tex/latex/amsmath/amsmath.sty
Package: amsmath 2016/03/10 v2.15b AMS math features
\@mathmargin=\skip43

For additional information on amsmath, use the `?' option.

(/nix/store/8d1l9cqzp7ic6p2fnh8y9ap1gh419rqa-texlive-combined-full-2016/share/t
exmf/tex/latex/amsmath/amstext.sty
Package: amstext 2000/06/29 v2.01 AMS text

(/nix/store/8d1l9cqzp7ic6p2fnh8y9ap1gh419rqa-texlive-combined-full-2016/share/t
exmf/tex/latex/amsmath/amsgen.sty
File: amsgen.sty 1999/11/30 v2.0 generic functions
\@emptytoks=\toks17
\ex@=\dimen106
))
(/nix/store/8d1l9cqzp7ic6p2fnh8y9ap1gh419rqa-texlive-combined-full-2016/share/t
exmf/tex/latex/amsmath/amsbsy.sty
Package: amsbsy 1999/11/29 v1.2d Bold Symbols
\pmbraise@=\dimen107
)
(/nix/store/8d1l9cqzp7ic6p2fnh8y9ap1gh419rqa-texlive-combined-full-2016/share/t
exmf/tex/latex/amsmath/amsopn.sty
Package: amsopn 2016/03/08 v2.02 operator names
)
\inf@bad=\count89
LaTeX Info: Redefining \frac on input line 199.
\uproot@=\count90
\leftroot@=\count91
LaTeX Info: Redefining \overline on input line 297.
\classnum@=\count92
\DOTSCASE@=\count93
LaTeX Info: Redefining \ldots on input line 394.
LaTeX Info: Redefining \dots on input line 397.
LaTeX Info: Redefining \cdots on input line 518.
\Mathstrutbox@=\box26
\strutbox@=\box27
\big@size=\dimen108
LaTeX Font Info:    Redeclaring font encoding OML on input line 634.
LaTeX Font Info:    Redeclaring font encoding OMS on input line 635.
\macc@depth=\count94
\c@MaxMatrixCols=\count95
\dotsspace@=\muskip10
\c@parentequation=\count96
\dspbrk@lvl=\count97
\tag@help=\toks18
\row@=\count98
\column@=\count99
\maxfields@=\count100
\andhelp@=\toks19
\eqnshift@=\dimen109
\alignsep@=\dimen110
\tagshift@=\dimen111
\tagwidth@=\dimen112
\totwidth@=\dimen113
\lineht@=\dimen114
\@envbody=\toks20
\multlinegap=\skip44
\multlinetaggap=\skip45
\mathdisplay@stack=\toks21
LaTeX Info: Redefining \[ on input line 2739.
LaTeX Info: Redefining \] on input line 2740.
)
(/nix/store/8d1l9cqzp7ic6p2fnh8y9ap1gh419rqa-texlive-combined-full-2016/share/t
exmf/tex/latex/amsfonts/amsfonts.sty
Package: amsfonts 2013/01/14 v3.01 Basic AMSFonts support
\symAMSa=\mathgroup6
\symAMSb=\mathgroup7
LaTeX Font Info:    Overwriting math alphabet `\mathfrak' in version `bold'
(Font)                  U/euf/m/n --> U/euf/b/n on input line 106.
LaTeX Font Info:    Redeclaring math symbol \square on input line 141.
)
(/nix/store/8d1l9cqzp7ic6p2fnh8y9ap1gh419rqa-texlive-combined-full-2016/share/t
exmf/tex/latex/amscls/amsthm.sty
Package: amsthm 2015/03/04 v2.20.2
\thm@style=\toks22
\thm@bodyfont=\toks23
\thm@headfont=\toks24
\thm@notefont=\toks25
\thm@headpunct=\toks26
\thm@preskip=\skip46
\thm@postskip=\skip47
\thm@headsep=\skip48
\dth@everypar=\toks27
)
(/nix/store/8d1l9cqzp7ic6p2fnh8y9ap1gh419rqa-texlive-combined-full-2016/share/t
exmf/tex/latex/lipsum/lipsum.sty
Package: lipsum 2014/07/27 v1.3 150 paragraphs of Lorem Ipsum dummy text
\c@lips@count=\count101
)
(/nix/store/8d1l9cqzp7ic6p2fnh8y9ap1gh419rqa-texlive-combined-full-2016/share/t
exmf/tex/latex/adjustbox/adjustbox.sty
Package: adjustbox 2012/05/21 v1.0 Adjusting TeX boxes (trim, clip, ...)

(/nix/store/8d1l9cqzp7ic6p2fnh8y9ap1gh419rqa-texlive-combined-full-2016/share/t
exmf/tex/latex/xkeyval/xkeyval.sty
Package: xkeyval 2014/12/03 v2.7a package option processing (HA)

(/nix/store/8d1l9cqzp7ic6p2fnh8y9ap1gh419rqa-texlive-combined-full-2016/share/t
exmf/tex/generic/xkeyval/xkeyval.tex
(/nix/store/8d1l9cqzp7ic6p2fnh8y9ap1gh419rqa-texlive-combined-full-2016/share/t
exmf/tex/generic/xkeyval/xkvutils.tex
\XKV@toks=\toks28
\XKV@tempa@toks=\toks29
)
\XKV@depth=\count102
File: xkeyval.tex 2014/12/03 v2.7a key=value parser (HA)
))
(/nix/store/8d1l9cqzp7ic6p2fnh8y9ap1gh419rqa-texlive-combined-full-2016/share/t
exmf/tex/latex/adjustbox/adjcalc.sty
Package: adjcalc 2012/05/16 v1.1 Provides advanced setlength with multiple back
-ends (calc, etex, pgfmath)
)
(/nix/store/8d1l9cqzp7ic6p2fnh8y9ap1gh419rqa-texlive-combined-full-2016/share/t
exmf/tex/latex/adjustbox/trimclip.sty
Package: trimclip 2012/05/16 v1.0 Trim and clip general TeX material

(/nix/store/8d1l9cqzp7ic6p2fnh8y9ap1gh419rqa-texlive-combined-full-2016/share/t
exmf/tex/latex/collectbox/collectbox.sty
Package: collectbox 2012/05/17 v0.4b Collect macro arguments as boxes
\collectedbox=\box28
)
\tc@llx=\dimen115
\tc@lly=\dimen116
\tc@urx=\dimen117
\tc@ury=\dimen118
Package trimclip Info: Using driver 'tc-pdftex.def'.

(/nix/store/8d1l9cqzp7ic6p2fnh8y9ap1gh419rqa-texlive-combined-full-2016/share/t
exmf/tex/latex/adjustbox/tc-pdftex.def
File: tc-pdftex.def 2012/05/13 v1.0 Clipping driver for pdftex
))
\adjbox@Width=\dimen119
\adjbox@Height=\dimen120
\adjbox@Depth=\dimen121
\adjbox@Totalheight=\dimen122

(/nix/store/8d1l9cqzp7ic6p2fnh8y9ap1gh419rqa-texlive-combined-full-2016/share/t
exmf/tex/latex/ifoddpage/ifoddpage.sty
Package: ifoddpage 2016/04/23 v1.1 Conditionals for odd/even page detection
\c@checkoddpage=\count103
)
(/nix/store/8d1l9cqzp7ic6p2fnh8y9ap1gh419rqa-texlive-combined-full-2016/share/t
exmf/tex/latex/varwidth/varwidth.sty
Package: varwidth 2009/03/30 ver 0.92;  Variable-width minipages
\@vwid@box=\box29
\sift@deathcycles=\count104
\@vwid@loff=\dimen123
\@vwid@roff=\dimen124
))
(/nix/store/8d1l9cqzp7ic6p2fnh8y9ap1gh419rqa-texlive-combined-full-2016/share/t
exmf/tex/latex/geometry/geometry.sty
Package: geometry 2010/09/12 v5.6 Page Geometry

(/nix/store/8d1l9cqzp7ic6p2fnh8y9ap1gh419rqa-texlive-combined-full-2016/share/t
exmf/tex/generic/oberdiek/ifpdf.sty
Package: ifpdf 2016/05/14 v3.1 Provides the ifpdf switch
)
(/nix/store/8d1l9cqzp7ic6p2fnh8y9ap1gh419rqa-texlive-combined-full-2016/share/t
exmf/tex/generic/oberdiek/ifvtex.sty
Package: ifvtex 2016/05/16 v1.6 Detect VTeX and its facilities (HO)
Package ifvtex Info: VTeX not detected.
)
(/nix/store/8d1l9cqzp7ic6p2fnh8y9ap1gh419rqa-texlive-combined-full-2016/share/t
exmf/tex/generic/ifxetex/ifxetex.sty
Package: ifxetex 2010/09/12 v0.6 Provides ifxetex conditional
)
\Gm@cnth=\count105
\Gm@cntv=\count106
\c@Gm@tempcnt=\count107
\Gm@bindingoffset=\dimen125
\Gm@wd@mp=\dimen126
\Gm@odd@mp=\dimen127
\Gm@even@mp=\dimen128
\Gm@layoutwidth=\dimen129
\Gm@layoutheight=\dimen130
\Gm@layouthoffset=\dimen131
\Gm@layoutvoffset=\dimen132
\Gm@dimlist=\toks30
)
(/nix/store/8d1l9cqzp7ic6p2fnh8y9ap1gh419rqa-texlive-combined-full-2016/share/t
exmf/tex/latex/oberdiek/grffile.sty
Package: grffile 2016/05/16 v1.17 Extended file name support for graphics (HO)

(/nix/store/8d1l9cqzp7ic6p2fnh8y9ap1gh419rqa-texlive-combined-full-2016/share/t
exmf/tex/latex/oberdiek/kvoptions.sty
Package: kvoptions 2016/05/16 v3.12 Key value format for package options (HO)

(/nix/store/8d1l9cqzp7ic6p2fnh8y9ap1gh419rqa-texlive-combined-full-2016/share/t
exmf/tex/generic/oberdiek/kvsetkeys.sty
Package: kvsetkeys 2016/05/16 v1.17 Key value parser (HO)

(/nix/store/8d1l9cqzp7ic6p2fnh8y9ap1gh419rqa-texlive-combined-full-2016/share/t
exmf/tex/generic/oberdiek/etexcmds.sty
Package: etexcmds 2016/05/16 v1.6 Avoid name clashes with e-TeX commands (HO)

(/nix/store/8d1l9cqzp7ic6p2fnh8y9ap1gh419rqa-texlive-combined-full-2016/share/t
exmf/tex/generic/oberdiek/ifluatex.sty
Package: ifluatex 2016/05/16 v1.4 Provides the ifluatex switch (HO)
Package ifluatex Info: LuaTeX not detected.
)
Package etexcmds Info: Could not find \expanded.
(etexcmds)             That can mean that you are not using pdfTeX 1.50 or
(etexcmds)             that some package has redefined \expanded.
(etexcmds)             In the latter case, load this package earlier.
)))
(/nix/store/8d1l9cqzp7ic6p2fnh8y9ap1gh419rqa-texlive-combined-full-2016/share/t
exmf/tex/generic/oberdiek/pdftexcmds.sty
Package: pdftexcmds 2016/05/21 v0.22 Utility functions of pdfTeX for LuaTeX (HO
)
Package pdftexcmds Info: LuaTeX not detected.
Package pdftexcmds Info: \pdf@primitive is available.
Package pdftexcmds Info: \pdf@ifprimitive is available.
Package pdftexcmds Info: \pdfdraftmode found.
)
Package grffile Info: Option `multidot' is set to `true'.
Package grffile Info: Option `extendedchars' is set to `false'.
Package grffile Info: Option `space' is set to `true'.
Package grffile Info: \Gin@ii of package `graphicx' fixed on input line 486.
)
(/nix/store/8d1l9cqzp7ic6p2fnh8y9ap1gh419rqa-texlive-combined-full-2016/share/t
exmf/tex/latex/sectsty/sectsty.sty
Package: sectsty 2002/02/25 v2.0.2 Commands to change all sectional heading sty
les
)
(/nix/store/8d1l9cqzp7ic6p2fnh8y9ap1gh419rqa-texlive-combined-full-2016/share/t
exmf/tex/latex/fancyhdr/fancyhdr.sty
\fancy@headwidth=\skip49
\f@ncyO@elh=\skip50
\f@ncyO@erh=\skip51
\f@ncyO@olh=\skip52
\f@ncyO@orh=\skip53
\f@ncyO@elf=\skip54
\f@ncyO@erf=\skip55
\f@ncyO@olf=\skip56
\f@ncyO@orf=\skip57
)
(/nix/store/8d1l9cqzp7ic6p2fnh8y9ap1gh419rqa-texlive-combined-full-2016/share/t
exmf/tex/latex/float/float.sty
Package: float 2001/11/08 v1.3d Float enhancements (AL)
\c@float@type=\count108
\float@exts=\toks31
\float@box=\box30
\@float@everytoks=\toks32
\@floatcapt=\box31
)
(/nix/store/8d1l9cqzp7ic6p2fnh8y9ap1gh419rqa-texlive-combined-full-2016/share/t
exmf/tex/latex/tools/indentfirst.sty
Package: indentfirst 1995/11/23 v1.03 Indent first paragraph (DPC)
)

LaTeX Warning: Unused global option(s):
    [paper=a4,fontsize=11pt].

(./relatorio.aux)
\openout1 = `relatorio.aux'.

LaTeX Font Info:    Checking defaults for OML/cmm/m/it on input line 78.
LaTeX Font Info:    ... okay on input line 78.
LaTeX Font Info:    Checking defaults for T1/cmr/m/n on input line 78.
LaTeX Font Info:    ... okay on input line 78.
LaTeX Font Info:    Checking defaults for OT1/cmr/m/n on input line 78.
LaTeX Font Info:    ... okay on input line 78.
LaTeX Font Info:    Checking defaults for OMS/cmsy/m/n on input line 78.
LaTeX Font Info:    ... okay on input line 78.
LaTeX Font Info:    Checking defaults for OMX/cmex/m/n on input line 78.
LaTeX Font Info:    ... okay on input line 78.
LaTeX Font Info:    Checking defaults for U/cmr/m/n on input line 78.
LaTeX Font Info:    ... okay on input line 78.
LaTeX Font Info:    Checking defaults for FML/futm/m/it on input line 78.
LaTeX Font Info:    Try loading font information for FML+futm on input line 78.


(/nix/store/8d1l9cqzp7ic6p2fnh8y9ap1gh419rqa-texlive-combined-full-2016/share/t
exmf/tex/latex/fourier/fmlfutm.fd
File: fmlfutm.fd 2004/10/30 Fontinst v1.926 font definitions for FML/futm.
)
LaTeX Font Info:    ... okay on input line 78.
LaTeX Font Info:    Checking defaults for FMS/futm/m/n on input line 78.
LaTeX Font Info:    Try loading font information for FMS+futm on input line 78.


(/nix/store/8d1l9cqzp7ic6p2fnh8y9ap1gh419rqa-texlive-combined-full-2016/share/t
exmf/tex/latex/fourier/fmsfutm.fd
File: fmsfutm.fd 2004/10/30 Fontinst v1.926 font definitions for FMS/futm.
)
LaTeX Font Info:    ... okay on input line 78.
LaTeX Font Info:    Checking defaults for FMX/futm/m/n on input line 78.
LaTeX Font Info:    Try loading font information for FMX+futm on input line 78.


(/nix/store/8d1l9cqzp7ic6p2fnh8y9ap1gh419rqa-texlive-combined-full-2016/share/t
exmf/tex/latex/fourier/fmxfutm.fd
File: fmxfutm.fd futm-extension
)
LaTeX Font Info:    ... okay on input line 78.
LaTeX Font Info:    Checking defaults for TS1/cmr/m/n on input line 78.
LaTeX Font Info:    Try loading font information for TS1+cmr on input line 78.

(/nix/store/8d1l9cqzp7ic6p2fnh8y9ap1gh419rqa-texlive-combined-full-2016/share/t
exmf/tex/latex/base/ts1cmr.fd
File: ts1cmr.fd 2014/09/29 v2.5h Standard LaTeX font definitions
)
LaTeX Font Info:    ... okay on input line 78.
LaTeX Font Info:    Try loading font information for T1+futs on input line 78.

(/nix/store/8d1l9cqzp7ic6p2fnh8y9ap1gh419rqa-texlive-combined-full-2016/share/t
exmf/tex/latex/fourier/t1futs.fd
File: t1futs.fd 2004/03/02 Fontinst v1.926 font definitions for T1/futs.
)
(/nix/store/8d1l9cqzp7ic6p2fnh8y9ap1gh419rqa-texlive-combined-full-2016/share/t
exmf/tex/context/base/mkii/supp-pdf.mkii
[Loading MPS to PDF converter (version 2006.09.02).]
\scratchcounter=\count109
\scratchdimen=\dimen133
\scratchbox=\box32
\nofMPsegments=\count110
\nofMParguments=\count111
\everyMPshowfont=\toks33
\MPscratchCnt=\count112
\MPscratchDim=\dimen134
\MPnumerator=\count113
\makeMPintoPDFobject=\count114
\everyMPtoPDFconversion=\toks34
)
(/nix/store/8d1l9cqzp7ic6p2fnh8y9ap1gh419rqa-texlive-combined-full-2016/share/t
exmf/tex/latex/oberdiek/epstopdf-base.sty
Package: epstopdf-base 2016/05/15 v2.6 Base part for package epstopdf

(/nix/store/8d1l9cqzp7ic6p2fnh8y9ap1gh419rqa-texlive-combined-full-2016/share/t
exmf/tex/latex/oberdiek/grfext.sty
Package: grfext 2016/05/16 v1.2 Manage graphics extensions (HO)

(/nix/store/8d1l9cqzp7ic6p2fnh8y9ap1gh419rqa-texlive-combined-full-2016/share/t
exmf/tex/generic/oberdiek/kvdefinekeys.sty
Package: kvdefinekeys 2016/05/16 v1.4 Define keys (HO)
))
Package epstopdf-base Info: Redefining graphics rule for `.eps' on input line 4
38.
Package grfext Info: Graphics extension search list:
(grfext)             [.png,.pdf,.jpg,.mps,.jpeg,.jbig2,.jb2,.PNG,.PDF,.JPG,.JPE
G,.JBIG2,.JB2,.eps]
(grfext)             \AppendGraphicsExtensions on input line 456.

(/nix/store/8d1l9cqzp7ic6p2fnh8y9ap1gh419rqa-texlive-combined-full-2016/share/t
exmf/tex/latex/latexconfig/epstopdf-sys.cfg
File: epstopdf-sys.cfg 2010/07/13 v1.3 Configuration of (r)epstopdf for TeX Liv
e
))
*geometry* driver: auto-detecting
*geometry* detected driver: pdftex
*geometry* verbose mode - [ preamble ] result:
* driver: pdftex
* paper: a4paper
* layout: <same size as paper>
* layoutoffset:(h,v)=(0.0pt,0.0pt)
* modes: 
* h-part:(L,W,R)=(89.62709pt, 418.25368pt, 89.6271pt)
* v-part:(T,H,B)=(101.40665pt, 591.5302pt, 152.11pt)
* \paperwidth=597.50787pt
* \paperheight=845.04684pt
* \textwidth=418.25368pt
* \textheight=591.5302pt
* \oddsidemargin=17.3571pt
* \evensidemargin=17.3571pt
* \topmargin=-7.86334pt
* \headheight=13.6pt
* \headsep=25.0pt
* \topskip=10.0pt
* \footskip=30.0pt
* \marginparwidth=65.0pt
* \marginparsep=11.0pt
* \columnsep=10.0pt
* \skip\footins=9.0pt plus 4.0pt minus 2.0pt
* \hoffset=0.0pt
* \voffset=0.0pt
* \mag=1000
* \@twocolumnfalse
* \@twosidefalse
* \@mparswitchfalse
* \@reversemarginfalse
* (1in=72.27pt=25.4mm, 1cm=28.453pt)

LaTeX Font Info:    Try loading font information for FML+futmi on input line 80
.

(/nix/store/8d1l9cqzp7ic6p2fnh8y9ap1gh419rqa-texlive-combined-full-2016/share/t
exmf/tex/latex/fourier/fmlfutmi.fd
File: fmlfutmi.fd 2004/10/30 Fontinst v1.926 font definitions for FML/futmi.
)
LaTeX Font Info:    Font shape `FMX/futm/m/n' will be
(Font)              scaled to size 11.03998pt on input line 80.
LaTeX Font Info:    Font shape `FMX/futm/m/n' will be
(Font)              scaled to size 8.27998pt on input line 80.
LaTeX Font Info:    Font shape `FMX/futm/m/n' will be
(Font)              scaled to size 6.43999pt on input line 80.
LaTeX Font Info:    Font shape `U/futm/m/n' will be
(Font)              scaled to size 11.03998pt on input line 80.
LaTeX Font Info:    Font shape `U/futm/m/n' will be
(Font)              scaled to size 8.27998pt on input line 80.
LaTeX Font Info:    Font shape `U/futm/m/n' will be
(Font)              scaled to size 6.43999pt on input line 80.
LaTeX Font Info:    Try loading font information for U+msa on input line 80.

(/nix/store/8d1l9cqzp7ic6p2fnh8y9ap1gh419rqa-texlive-combined-full-2016/share/t
exmf/tex/latex/amsfonts/umsa.fd
File: umsa.fd 2013/01/14 v3.01 AMS symbols A
)
LaTeX Font Info:    Try loading font information for U+msb on input line 80.

(/nix/store/8d1l9cqzp7ic6p2fnh8y9ap1gh419rqa-texlive-combined-full-2016/share/t
exmf/tex/latex/amsfonts/umsb.fd
File: umsb.fd 2013/01/14 v3.01 AMS symbols B
) [1

{/nix/store/8d1l9cqzp7ic6p2fnh8y9ap1gh419rqa-texlive-combined-full-2016/share/t
exmf/fonts/map/pdftex/updmap/pdftex.map}]
LaTeX Font Info:    Font shape `T1/futs/bx/n' in size <14.4> not available
(Font)              Font shape `T1/futs/b/n' tried instead on input line 83.

(./relatorio.toc
LaTeX Font Info:    Font shape `T1/futs/bx/n' in size <10> not available
(Font)              Font shape `T1/futs/b/n' tried instead on input line 2.
LaTeX Font Info:    Font shape `FMX/futm/m/n' will be
(Font)              scaled to size 9.19998pt on input line 3.
LaTeX Font Info:    Font shape `FMX/futm/m/n' will be
(Font)              scaled to size 6.99199pt on input line 3.
LaTeX Font Info:    Font shape `FMX/futm/m/n' will be
(Font)              scaled to size 5.51999pt on input line 3.
LaTeX Font Info:    Font shape `U/futm/m/n' will be
(Font)              scaled to size 9.19998pt on input line 3.
LaTeX Font Info:    Font shape `U/futm/m/n' will be
(Font)              scaled to size 6.99199pt on input line 3.
LaTeX Font Info:    Font shape `U/futm/m/n' will be
(Font)              scaled to size 5.51999pt on input line 3.
)
\tf@toc=\write3
\openout3 = `relatorio.toc'.

 [2]
LaTeX Font Info:    Font shape `T1/futs/bx/n' in size <12> not available
(Font)              Font shape `T1/futs/b/n' tried instead on input line 91.
 [3]
</home/gjeusel/projects/intelComp/energy-efficiency/images/resumo_dos_dados.png
, id=15, 909.3975pt x 285.065pt>
File: /home/gjeusel/projects/intelComp/energy-efficiency/images/resumo_dos_dado
s.png Graphic file (type png)

<use /home/gjeusel/projects/intelComp/energy-efficiency/images/resumo_dos_dados
.png>
Package pdftex.def Info: /home/gjeusel/projects/intelComp/energy-efficiency/ima
ges/resumo_dos_dados.png used on input line 139.
(pdftex.def)             Requested size: 418.25368pt x 131.10974pt.
LaTeX Font Info:    Try loading font information for TS1+futs on input line 160
.

(/nix/store/8d1l9cqzp7ic6p2fnh8y9ap1gh419rqa-texlive-combined-full-2016/share/t
exmf/tex/latex/fourier/ts1futs.fd
File: ts1futs.fd 2004/03/26 Fontinst v1.926 font definitions for TS1/futs.
)
</home/gjeusel/projects/intelComp/energy-efficiency/images/Xvar_histograms_part
1.png, id=16, 1166.4378pt x 622.9674pt>
File: /home/gjeusel/projects/intelComp/energy-efficiency/images/Xvar_histograms
_part1.png Graphic file (type png)

<use /home/gjeusel/projects/intelComp/energy-efficiency/images/Xvar_histograms_
part1.png>
Package pdftex.def Info: /home/gjeusel/projects/intelComp/energy-efficiency/ima
ges/Xvar_histograms_part1.png used on input line 185.
(pdftex.def)             Requested size: 418.25368pt x 223.38406pt.

</home/gjeusel/projects/intelComp/energy-efficiency/images/Xvar_histograms_part
2.png, id=18, 1164.9924pt x 622.9674pt>
File: /home/gjeusel/projects/intelComp/energy-efficiency/images/Xvar_histograms
_part2.png Graphic file (type png)

<use /home/gjeusel/projects/intelComp/energy-efficiency/images/Xvar_histograms_
part2.png>
Package pdftex.def Info: /home/gjeusel/projects/intelComp/energy-efficiency/ima
ges/Xvar_histograms_part2.png used on input line 186.
(pdftex.def)             Requested size: 418.25368pt x 223.65973pt.
 [4 </home/gjeusel/projects/intelComp/energy-efficiency/images/resumo_dos_dados
.png>]
</home/gjeusel/projects/intelComp/energy-efficiency/images/Yvar_summed_histogra
ms.png, id=22, 491.436pt x 391.7034pt>
File: /home/gjeusel/projects/intelComp/energy-efficiency/images/Yvar_summed_his
tograms.png Graphic file (type png)

<use /home/gjeusel/projects/intelComp/energy-efficiency/images/Yvar_summed_hist
ograms.png>
Package pdftex.def Info: /home/gjeusel/projects/intelComp/energy-efficiency/ima
ges/Yvar_summed_histograms.png used on input line 197.
(pdftex.def)             Requested size: 334.60422pt x 266.7134pt.
 [5 </home/gjeusel/projects/intelComp/energy-efficiency/images/Xvar_histograms_
part1.png> </home/gjeusel/projects/intelComp/energy-efficiency/images/Xvar_hist
ograms_part2.png>]
</home/gjeusel/projects/intelComp/energy-efficiency/images/correlation_matrix_r
eg_prob with X6.png, id=28, 904.8204pt x 890.3664pt>
File: /home/gjeusel/projects/intelComp/energy-efficiency/images/correlation_mat
rix_reg_prob with X6.png Graphic file (type png)

<use /home/gjeusel/projects/intelComp/energy-efficiency/images/correlation_matr
ix_reg_prob with X6.png>
Package pdftex.def Info: /home/gjeusel/projects/intelComp/energy-efficiency/ima
ges/correlation_matrix_reg_prob with X6.png used on input line 213.
(pdftex.def)             Requested size: 284.5229pt x 284.52908pt.
 [6 </home/gjeusel/projects/intelComp/energy-efficiency/images/Yvar_summed_hist
ograms.png>] [7 </home/gjeusel/projects/intelComp/energy-efficiency/images/corr
elation_matrix_reg_prob with X6.png>]
Underfull \hbox (badness 10000) in paragraph at lines 244--246

 []


Underfull \hbox (badness 10000) in paragraph at lines 263--264

 []


</home/gjeusel/projects/intelComp/energy-efficiency/images/graph_cv_predict_Lin
ear.png, id=38, 621.522pt x 638.1441pt>
File: /home/gjeusel/projects/intelComp/energy-efficiency/images/graph_cv_predic
t_Linear.png Graphic file (type png)

<use /home/gjeusel/projects/intelComp/energy-efficiency/images/graph_cv_predict
_Linear.png>
Package pdftex.def Info: /home/gjeusel/projects/intelComp/energy-efficiency/ima
ges/graph_cv_predict_Linear.png used on input line 297.
(pdftex.def)             Requested size: 227.61708pt x 227.6187pt.
 [8]
Underfull \hbox (badness 10000) in paragraph at lines 309--311

 []


</home/gjeusel/projects/intelComp/energy-efficiency/images/Table of scores per 
Polynomial Regressor model.png, id=45, 651.8754pt x 469.755pt>
File: /home/gjeusel/projects/intelComp/energy-efficiency/images/Table of scores
 per Polynomial Regressor model.png Graphic file (type png)

<use /home/gjeusel/projects/intelComp/energy-efficiency/images/Table of scores 
per Polynomial Regressor model.png>
Package pdftex.def Info: /home/gjeusel/projects/intelComp/energy-efficiency/ima
ges/Table of scores per Polynomial Regressor model.png used on input line 314.
(pdftex.def)             Requested size: 418.25368pt x 301.40913pt.

</home/gjeusel/projects/intelComp/energy-efficiency/images/Polynomial regressor
 scores vs deg.png, id=46, 880.9713pt x 407.6028pt>
File: /home/gjeusel/projects/intelComp/energy-efficiency/images/Polynomial regr
essor scores vs deg.png Graphic file (type png)

<use /home/gjeusel/projects/intelComp/energy-efficiency/images/Polynomial regre
ssor scores vs deg.png>
Package pdftex.def Info: /home/gjeusel/projects/intelComp/energy-efficiency/ima
ges/Polynomial regressor scores vs deg.png used on input line 319.
(pdftex.def)             Requested size: 418.25368pt x 193.51382pt.
 [9 </home/gjeusel/projects/intelComp/energy-efficiency/images/graph_cv_predict
_Linear.png>] [10 </home/gjeusel/projects/intelComp/energy-efficiency/images/Ta
ble of scores per Polynomial Regressor model.png> </home/gjeusel/projects/intel
Comp/energy-efficiency/images/Polynomial regressor scores vs deg.png>]
</home/gjeusel/projects/intelComp/energy-efficiency/images/graph_cv_predict_Pol
ynomial deg 3.png, id=56, 621.522pt x 638.1441pt>
File: /home/gjeusel/projects/intelComp/energy-efficiency/images/graph_cv_predic
t_Polynomial deg 3.png Graphic file (type png)

<use /home/gjeusel/projects/intelComp/energy-efficiency/images/graph_cv_predict
_Polynomial deg 3.png>
Package pdftex.def Info: /home/gjeusel/projects/intelComp/energy-efficiency/ima
ges/graph_cv_predict_Polynomial deg 3.png used on input line 336.
(pdftex.def)             Requested size: 227.61708pt x 227.6187pt.

Underfull \hbox (badness 10000) in paragraph at lines 352--353

 []


</home/gjeusel/projects/intelComp/energy-efficiency/images/Ridge regressor scor
es vs alpha.png, id=57, 886.7529pt x 407.6028pt>
File: /home/gjeusel/projects/intelComp/energy-efficiency/images/Ridge regressor
 scores vs alpha.png Graphic file (type png)

<use /home/gjeusel/projects/intelComp/energy-efficiency/images/Ridge regressor 
scores vs alpha.png>
Package pdftex.def Info: /home/gjeusel/projects/intelComp/energy-efficiency/ima
ges/Ridge regressor scores vs alpha.png used on input line 356.
(pdftex.def)             Requested size: 418.25368pt x 192.25125pt.
 [11 </home/gjeusel/projects/intelComp/energy-efficiency/images/graph_cv_predic
t_Polynomial deg 3.png>]
</home/gjeusel/projects/intelComp/energy-efficiency/images/graph_cv_predict_Lin
ear + SVD regularization alpha=0.001.png, id=62, 621.522pt x 638.1441pt>
File: /home/gjeusel/projects/intelComp/energy-efficiency/images/graph_cv_predic
t_Linear + SVD regularization alpha=0.001.png Graphic file (type png)

<use /home/gjeusel/projects/intelComp/energy-efficiency/images/graph_cv_predict
_Linear + SVD regularization alpha=0.001.png>
Package pdftex.def Info: /home/gjeusel/projects/intelComp/energy-efficiency/ima
ges/graph_cv_predict_Linear + SVD regularization alpha=0.001.png used on input 
line 369.
(pdftex.def)             Requested size: 227.61708pt x 227.6187pt.
 [12 </home/gjeusel/projects/intelComp/energy-efficiency/images/Ridge regressor
 scores vs alpha.png> </home/gjeusel/projects/intelComp/energy-efficiency/image
s/graph_cv_predict_Linear + SVD regularization alpha=0.001.png>]
</home/gjeusel/projects/intelComp/energy-efficiency/images/decision tree algo s
cikit exemple.png, id=68, 760.8425pt x 628.3475pt>
File: /home/gjeusel/projects/intelComp/energy-efficiency/images/decision tree a
lgo scikit exemple.png Graphic file (type png)

<use /home/gjeusel/projects/intelComp/energy-efficiency/images/decision tree al
go scikit exemple.png>
Package pdftex.def Info: /home/gjeusel/projects/intelComp/energy-efficiency/ima
ges/decision tree algo scikit exemple.png used on input line 395.
(pdftex.def)             Requested size: 227.61598pt x 227.61433pt.

Underfull \hbox (badness 10000) in paragraph at lines 403--404

 []


</home/gjeusel/projects/intelComp/energy-efficiency/images/Random Forest regres
sor scores vs num trees.png, id=69, 891.8118pt x 407.6028pt>
File: /home/gjeusel/projects/intelComp/energy-efficiency/images/Random Forest r
egressor scores vs num trees.png Graphic file (type png)

<use /home/gjeusel/projects/intelComp/energy-efficiency/images/Random Forest re
gressor scores vs num trees.png>
Package pdftex.def Info: /home/gjeusel/projects/intelComp/energy-efficiency/ima
ges/Random Forest regressor scores vs num trees.png used on input line 407.
(pdftex.def)             Requested size: 418.25368pt x 191.16284pt.
 [13 </home/gjeusel/projects/intelComp/energy-efficiency/images/decision tree a
lgo scikit exemple.png>]
</home/gjeusel/projects/intelComp/energy-efficiency/images/graph_cv_predict_Ran
dom Forest 10 trees.png, id=74, 621.522pt x 638.1441pt>
File: /home/gjeusel/projects/intelComp/energy-efficiency/images/graph_cv_predic
t_Random Forest 10 trees.png Graphic file (type png)

<use /home/gjeusel/projects/intelComp/energy-efficiency/images/graph_cv_predict
_Random Forest 10 trees.png>
Package pdftex.def Info: /home/gjeusel/projects/intelComp/energy-efficiency/ima
ges/graph_cv_predict_Random Forest 10 trees.png used on input line 423.
(pdftex.def)             Requested size: 227.61708pt x 199.16637pt.

</home/gjeusel/projects/intelComp/energy-efficiency/images/Table of validation 
metrics per Regressor model without X6.png, id=75, 799.3062pt x 216.81pt>
File: /home/gjeusel/projects/intelComp/energy-efficiency/images/Table of valida
tion metrics per Regressor model without X6.png Graphic file (type png)

<use /home/gjeusel/projects/intelComp/energy-efficiency/images/Table of validat
ion metrics per Regressor model without X6.png>
Package pdftex.def Info: /home/gjeusel/projects/intelComp/energy-efficiency/ima
ges/Table of validation metrics per Regressor model without X6.png used on inpu
t line 437.
(pdftex.def)             Requested size: 418.25368pt x 113.45311pt.
 [14 </home/gjeusel/projects/intelComp/energy-efficiency/images/Random Forest r
egressor scores vs num trees.png> </home/gjeusel/projects/intelComp/energy-effi
ciency/images/graph_cv_predict_Random Forest 10 trees.png>] [15 </home/gjeusel/
projects/intelComp/energy-efficiency/images/Table of validation metrics per Reg
ressor model without X6.png>]
</home/gjeusel/projects/intelComp/energy-efficiency/images/Table of validation 
metrics per Regressor model.png, id=85, 799.3062pt x 216.81pt>
File: /home/gjeusel/projects/intelComp/energy-efficiency/images/Table of valida
tion metrics per Regressor model.png Graphic file (type png)

<use /home/gjeusel/projects/intelComp/energy-efficiency/images/Table of validat
ion metrics per Regressor model.png>
Package pdftex.def Info: /home/gjeusel/projects/intelComp/energy-efficiency/ima
ges/Table of validation metrics per Regressor model.png used on input line 461.

(pdftex.def)             Requested size: 418.25368pt x 113.45311pt.

</home/gjeusel/projects/intelComp/energy-efficiency/images/Table of validation 
metrics per Regressor model with normalized Datas without X6.png, id=86, 799.30
62pt x 216.81pt>
File: /home/gjeusel/projects/intelComp/energy-efficiency/images/Table of valida
tion metrics per Regressor model with normalized Datas without X6.png Graphic f
ile (type png)

<use /home/gjeusel/projects/intelComp/energy-efficiency/images/Table of validat
ion metrics per Regressor model with normalized Datas without X6.png>
Package pdftex.def Info: /home/gjeusel/projects/intelComp/energy-efficiency/ima
ges/Table of validation metrics per Regressor model with normalized Datas witho
ut X6.png used on input line 477.
(pdftex.def)             Requested size: 418.25368pt x 113.45311pt.
 [16 </home/gjeusel/projects/intelComp/energy-efficiency/images/Table of valida
tion metrics per Regressor model.png> </home/gjeusel/projects/intelComp/energy-
efficiency/images/Table of validation metrics per Regressor model with normaliz
ed Datas without X6.png>] (./relatorio.lot)
\tf@lot=\write4
\openout4 = `relatorio.lot'.

 (./relatorio.lof)
\tf@lof=\write5
\openout5 = `relatorio.lof'.

 [17] (./relatorio.bbl
Overfull \hbox (51.26949pt too wide) in paragraph at lines 21--24
[]\T1/futs/m/n/10 A. Xi-fara A. Tsa-nas.  Energy ef-fi-ci-ency data set, 2012. 
 https://archive.ics.uci.edu/ml/datasets/Energy+efficiency. 
 []

) [18] (./relatorio.aux) ) 
Here is how much of TeX's memory you used:
 5927 strings out of 492960
 95190 string characters out of 6109141
 253281 words of memory out of 5000000
 9256 multiletter control sequences out of 15000+600000
 93637 words of font info for 104 fonts, out of 8000000 for 9000
 1181 hyphenation exceptions out of 8191
 36i,10n,43p,344b,328s stack positions out of 5000i,500n,10000p,200000b,80000s
{/nix/store/8d1l9cqzp7ic6p2fnh8y9ap1gh419rqa-texlive-
combined-full-2016/share/texmf/fonts/enc/dvips/base/8r.enc}</nix/store/8d1l9cqz
p7ic6p2fnh8y9ap1gh419rqa-texlive-combined-full-2016/share/texmf/fonts/type1/pub
lic/fourier/fourier-mex.pfb></nix/store/8d1l9cqzp7ic6p2fnh8y9ap1gh419rqa-texliv
e-combined-full-2016/share/texmf/fonts/type1/public/fourier/fourier-mlit.pfb></
nix/store/8d1l9cqzp7ic6p2fnh8y9ap1gh419rqa-texlive-combined-full-2016/share/tex
mf/fonts/type1/public/fourier/fourier-ms.pfb></nix/store/8d1l9cqzp7ic6p2fnh8y9a
p1gh419rqa-texlive-combined-full-2016/share/texmf/fonts/type1/adobe/utopia/putb
8a.pfb></nix/store/8d1l9cqzp7ic6p2fnh8y9ap1gh419rqa-texlive-combined-full-2016/
share/texmf/fonts/type1/adobe/utopia/putr8a.pfb></nix/store/8d1l9cqzp7ic6p2fnh8
y9ap1gh419rqa-texlive-combined-full-2016/share/texmf/fonts/type1/adobe/utopia/p
utri8a.pfb>
Output written on relatorio.pdf (18 pages, 997380 bytes).
PDF statistics:
 120 PDF objects out of 1000 (max. 8388607)
 61 compressed objects within 1 object stream
 0 named destinations out of 1000 (max. 500000)
 86 words of extra memory for PDF output out of 10000 (max. 10000000)

