This is pdfTeX, Version 3.14159265-2.6-1.40.17 (TeX Live 2016/NixOS.org) (preloaded format=pdflatex 2016.12.10)  10 DEC 2016 15:14
entering extended mode
 restricted \write18 enabled.
 %&-line parsing enabled.
**assignment_3.tex

(/nix/store/8d1l9cqzp7ic6p2fnh8y9ap1gh419rqa-texlive-combined-full-2016/share/t
exmf/tex/latex/tools/x.tex
! Interruption.
<to be read again> 
                   \begingroup 
l.1 
    %%
? x
 
Here is how much of TeX's memory you used:
 7 strings out of 492960
 420 string characters out of 6109141
 53767 words of memory out of 5000000
 3648 multiletter control sequences out of 15000+600000
 3640 words of font info for 14 fonts, out of 8000000 for 9000
 1181 hyphenation exceptions out of 8191
 3i,0n,1p,23b,6s stack positions out of 5000i,500n,10000p,200000b,80000s
No pages of output.
PDF statistics:
 0 PDF objects out of 1000 (max. 8388607)
 0 named destinations out of 1000 (max. 500000)
 1 words of extra memory for PDF output out of 10000 (max. 10000000)

